2017-11-17 12:08:49,187 - INFO - ****************************************用例开始！****************************************
2017-11-17 12:08:49,188 - INFO - ------------START:test1_1创建机构空间.CreateOrgSpace001_1.py------------
2017-11-17 12:08:51,366 - INFO - 进入空间列表
2017-11-17 12:08:55,595 - INFO - ------START:test1_1创建机构空间.CreateSpace.py------
2017-11-17 12:08:59,135 - INFO - 点击进入空间首页
2017-11-17 12:09:00,285 - INFO - 点击：+按钮
2017-11-17 12:09:01,327 - INFO - 选择：+机构空间
2017-11-17 12:09:09,929 - INFO - 输入企业全称：appium测试空间
2017-11-17 12:09:23,966 - INFO - 输入企业简称：appium测试空间
2017-11-17 12:09:28,564 - INFO - 点击标题
2017-11-17 12:09:29,281 - INFO - 点击机构类型
2017-11-17 12:09:33,041 - INFO - 选择机构类型：企业
2017-11-17 12:09:34,657 - INFO - 点击客户类型
2017-11-17 12:09:35,634 - INFO - 点击客户类型标签
2017-11-17 12:09:36,718 - INFO - 点击确定按钮
2017-11-17 12:09:37,877 - INFO - 点击所在地区
2017-11-17 12:09:39,054 - INFO - 选择北京省
2017-11-17 12:09:40,413 - INFO - 选择东城市
2017-11-17 12:09:42,707 - INFO - 确定提交
2017-11-17 12:09:44,089 - INFO - 点击去验证对公账号
2017-11-17 12:09:49,813 - INFO - 填写开户银行：AAA
2017-11-17 12:09:50,657 - INFO - 点击所在地区
2017-11-17 12:09:51,614 - INFO - 选择北京省
2017-11-17 12:09:52,769 - INFO - 选择东城市
2017-11-17 12:09:58,713 - INFO - 填写支行：BBB
2017-11-17 12:10:05,073 - INFO - 填写银行账户：123456
2017-11-17 12:10:08,994 - INFO - 确定提交
2017-11-17 12:10:10,770 - INFO - 点击返回
2017-11-17 12:10:11,774 - INFO - ------END:test1_1创建机构空间.CreateSpace.py------
2017-11-17 12:10:11,775 - INFO - ------START:test1_1创建机构空间.CloseSpace.py-----
2017-11-17 12:10:22,519 - INFO - 屏幕向上滑动0.5秒
2017-11-17 12:10:23,063 - INFO - 点击进入空间:appium测试空间
2017-11-17 12:10:24,625 - INFO - 点击空间菜单栏
2017-11-17 12:10:25,828 - INFO - 点击关闭按钮
2017-11-17 12:10:27,707 - INFO - 点击确认关闭
2017-11-17 12:10:27,708 - INFO - ------END:test1_1创建机构空间.CloseSpace.pyy-----
2017-11-17 12:10:27,710 - INFO - ------------END:test1_1创建机构空间.CreateOrgSpace001_1.py------------
2017-11-17 12:10:27,711 - INFO - ~~~~~~~~~~~~~~~~~~~~~~~~~~~~~~~~~~~~~~~~用例结束！~~~~~~~~~~~~~~~~~~~~~~~~~~~~~~~~~~~~~~~~
2017-11-17 12:12:13,853 - INFO - ****************************************用例开始！****************************************
2017-11-17 12:12:13,855 - INFO - ------------START:test1_1创建机构空间.CreateOrgSpace001_1.py------------
2017-11-17 12:12:15,599 - INFO - 进入空间列表
2017-11-17 12:12:20,196 - INFO - ------START:test1_1创建机构空间.CreateSpace.py------
2017-11-17 12:12:23,925 - INFO - 点击进入空间首页
2017-11-17 12:12:24,908 - INFO - 点击：+按钮
2017-11-17 12:12:26,097 - INFO - 选择：+机构空间
2017-11-17 12:12:33,015 - INFO - 输入企业全称：appium测试空间
2017-11-17 12:12:45,624 - INFO - 输入企业简称：appium测试空间
2017-11-17 12:12:49,872 - INFO - 点击标题
2017-11-17 12:12:50,675 - INFO - 点击机构类型
2017-11-17 12:12:54,383 - INFO - 选择机构类型：企业
2017-11-17 12:13:03,229 - ERROR - 元素: com.yunlu6.yunlu:id/iv_organization_industry 在5秒内未定位到
2017-11-17 12:13:04,678 - ERROR - 元素：com.yunlu6.yunlu:id/iv_organization_industry 请求超时,定位失败
2017-11-17 12:13:04,678 - ERROR - 元素：com.yunlu6.yunlu:id/iv_organization_industry 无法点击,点击失败
2017-11-17 12:13:04,681 - ERROR - CreateSpace Inside : Fri Nov 17 12:13:04 2017 点击元素：定位空间列表-主菜单-'+机构空间'-产业角色失败-失败
2017-11-17 12:13:12,089 - ERROR - CreateOrgSpace Outside : Fri Nov 17 12:13:04 2017 点击元素：定位空间列表-主菜单-'+机构空间'-产业角色失败-失败
2017-11-17 12:13:12,090 - INFO - ------------END:test1_1创建机构空间.CreateOrgSpace001_1.py------------
2017-11-17 12:13:12,092 - INFO - ~~~~~~~~~~~~~~~~~~~~~~~~~~~~~~~~~~~~~~~~用例结束！~~~~~~~~~~~~~~~~~~~~~~~~~~~~~~~~~~~~~~~~
2017-11-17 13:44:15,981 - INFO - ****************************************用例开始！****************************************
2017-11-17 13:44:15,983 - INFO - ------------START:test2_1上下架产品.CreateProduct002_1.py------------
2017-11-17 13:44:20,396 - INFO - 点击进入空间列表
2017-11-17 13:44:22,100 - INFO - 点击进入测试空间123
2017-11-17 13:44:23,155 - INFO - 点击菜单栏
2017-11-17 13:44:24,409 - INFO - 点击产品
2017-11-17 13:44:24,410 - INFO - ------START:test2_1上下架产品.CreateProduct.py------
2017-11-17 13:44:25,952 - INFO - 点击新建按钮
2017-11-17 13:44:27,101 - INFO - 点击添加照片按钮
2017-11-17 13:44:28,272 - INFO - 选择相册添加
2017-11-17 13:44:30,653 - INFO - 选择第0张照片
2017-11-17 13:44:31,633 - INFO - 点击完成
2017-11-17 13:44:36,217 - INFO - 点击商品名称
2017-11-17 13:44:44,211 - INFO - 输入商品名称：appium
2017-11-17 13:44:48,814 - INFO - 点击顶部标题
2017-11-17 13:44:49,596 - INFO - 点击商品分类
2017-11-17 13:44:56,471 - ERROR - 元素: com.yunlu6.yunlu:id/item_cate_tv 在5秒内未定位到
2017-11-17 13:44:58,044 - ERROR - 元素：com.yunlu6.yunlu:id/item_cate_tv 无法点击,点击失败
2017-11-17 13:44:58,044 - ERROR - CreateProduct Inside : Fri Nov 17 13:44:58 2017 点击元素：空间列表-浏览企业空间-菜单栏-产品-新建-商品名称-推荐标签-失败
2017-11-17 13:45:04,255 - ERROR - CreateProduct Outside : Fri Nov 17 13:44:58 2017 点击元素：空间列表-浏览企业空间-菜单栏-产品-新建-商品名称-推荐标签-失败
2017-11-17 13:45:04,255 - INFO - ------------END:test2_1上下架产品.CreateProduct002_1.py------------
2017-11-17 13:45:04,257 - INFO - ~~~~~~~~~~~~~~~~~~~~~~~~~~~~~~~~~~~~~~~~用例结束！~~~~~~~~~~~~~~~~~~~~~~~~~~~~~~~~~~~~~~~~
2017-11-17 14:19:15,773 - INFO - ****************************************用例开始！****************************************
2017-11-17 14:19:15,774 - INFO - ------------START:test2_1上下架产品.CreateProduct002_1.py------------
2017-11-17 14:19:19,299 - INFO - 点击进入空间列表
2017-11-17 14:19:21,669 - INFO - 点击进入测试空间123
2017-11-17 14:19:22,739 - INFO - 点击菜单栏
2017-11-17 14:19:24,613 - INFO - 点击产品
2017-11-17 14:19:24,614 - INFO - ------START:test2_1上下架产品.CreateProduct.py------
2017-11-17 14:19:26,216 - INFO - 点击新建按钮
2017-11-17 14:19:27,394 - INFO - 点击添加照片按钮
2017-11-17 14:19:28,438 - INFO - 选择相册添加
2017-11-17 14:19:30,580 - INFO - 选择第0张照片
2017-11-17 14:19:31,494 - INFO - 点击完成
2017-11-17 14:19:36,072 - INFO - 点击商品名称
2017-11-17 14:19:44,773 - INFO - 输入商品名称：appium
2017-11-17 14:19:48,572 - INFO - 点击顶部标题
2017-11-17 14:19:48,642 - ERROR - CreateProduct Inside : 'WebElement' object has no attribute 'send_kes'
2017-11-17 14:19:54,774 - ERROR - CreateProduct Outside : 'WebElement' object has no attribute 'send_kes'
2017-11-17 14:19:54,775 - INFO - ------------END:test2_1上下架产品.CreateProduct002_1.py------------
2017-11-17 14:19:54,776 - INFO - ~~~~~~~~~~~~~~~~~~~~~~~~~~~~~~~~~~~~~~~~用例结束！~~~~~~~~~~~~~~~~~~~~~~~~~~~~~~~~~~~~~~~~
2017-11-17 14:20:53,009 - INFO - ****************************************用例开始！****************************************
2017-11-17 14:20:53,009 - INFO - ------------START:test2_1上下架产品.CreateProduct002_1.py------------
2017-11-17 14:20:55,473 - INFO - 点击进入空间列表
2017-11-17 14:20:59,071 - INFO - 点击进入测试空间123
2017-11-17 14:20:59,998 - INFO - 点击菜单栏
2017-11-17 14:21:01,752 - INFO - 点击产品
2017-11-17 14:21:01,753 - INFO - ------START:test2_1上下架产品.CreateProduct.py------
2017-11-17 14:21:03,446 - INFO - 点击新建按钮
2017-11-17 14:21:04,395 - INFO - 点击添加照片按钮
2017-11-17 14:21:05,469 - INFO - 选择相册添加
2017-11-17 14:21:07,440 - INFO - 选择第0张照片
2017-11-17 14:21:08,515 - INFO - 点击完成
2017-11-17 14:21:13,599 - INFO - 点击商品名称
2017-11-17 14:21:22,386 - INFO - 输入商品名称：appium
2017-11-17 14:21:26,720 - INFO - 点击顶部标题
2017-11-17 14:21:32,499 - INFO - 商品分类输入：建筑石材
2017-11-17 14:21:33,152 - INFO - 点击搜索结果中的建筑石材
2017-11-17 14:21:36,545 - INFO - 点击勾选按钮
2017-11-17 14:21:44,695 - ERROR - 元素: com.yunlu6.yunlu:id/tv_yunlu_attribute 在5秒内未定位到
2017-11-17 14:21:45,905 - ERROR - 元素：com.yunlu6.yunlu:id/tv_yunlu_attribute 请求超时,定位失败
2017-11-17 14:21:45,906 - ERROR - 元素：com.yunlu6.yunlu:id/tv_yunlu_attribute 无法点击,点击失败
2017-11-17 14:21:45,908 - ERROR - CreateProduct Inside : Fri Nov 17 14:21:45 2017 点击元素：空间列表-浏览企业空间-菜单栏-产品-新建-石种属性-失败
2017-11-17 14:21:54,032 - ERROR - CreateProduct Outside : Fri Nov 17 14:21:45 2017 点击元素：空间列表-浏览企业空间-菜单栏-产品-新建-石种属性-失败
2017-11-17 14:21:54,032 - INFO - ------------END:test2_1上下架产品.CreateProduct002_1.py------------
2017-11-17 14:21:54,033 - INFO - ~~~~~~~~~~~~~~~~~~~~~~~~~~~~~~~~~~~~~~~~用例结束！~~~~~~~~~~~~~~~~~~~~~~~~~~~~~~~~~~~~~~~~
2017-11-17 16:35:04,699 - INFO - ****************************************用例开始！****************************************
2017-11-17 16:35:04,702 - INFO - ------------START:test2_1上下架产品.CreateProduct002_1.py------------
2017-11-17 16:35:07,768 - INFO - 点击进入空间列表
