2018-08-27 11:40:33,509 - INFO - ****************************************SpaceAPI_Private：开始****************************************
2018-08-27 11:40:33,512 - INFO - ------------------------------------用例开始------------------------------------
2018-08-27 11:40:33,776 - INFO - 1. 接口编号 : 1_1_1
2018-08-27 11:40:33,776 - INFO - 2. 接口名称 : Document - 公司档-投票-创建
2018-08-27 11:40:33,778 - INFO - 3. 接口描述 : 创建组织的指定公司档的投票。（该接口需要公司档的创建权限）
1. 投票类型：single
2. 投票资源：
Image
2018-08-27 11:40:33,779 - INFO - 4. 接口路由 : /api/v2/team/5155/archives
2018-08-27 11:40:33,779 - INFO - 5. 接口方式 : POST
2018-08-27 11:40:33,779 - INFO - 6. 接口头部 : {'Content-Type': 'application/json'}
2018-08-27 11:40:33,779 - INFO - 7. 接口数据 : {'token': '81e789ab629705fd503cd53cf265149a', 'team_id': '5155', 'name': '测试征集模式投票', 'published': 'true', 'file_ids': [154842], 'type': 'Glory', 'public_options': '10', 'ballot': {'ballot_type': 'single', 'end_of_time': '20180830', 'title': 'xjy测试投票主题1', 'groups_type': 'Image', 'groups': [{'title': '光谷', 'id': '154842'}], 'balloters_can_comment': False, 'hide_the_balloters': False}}
2018-08-27 11:40:33,780 - INFO - 8. 接口检查 : 
2018-08-27 11:40:33,780 - INFO - 9. 预期状态 ：
2018-08-27 11:40:33,780 - INFO - 10.接口预期 : 201
2018-08-27 11:40:33,781 - INFO - 11.接口返回 : {
    "archive": {
        "created_at": "2018-08-27 11:40",
        "editor": {
            "avatar_url": "http://imgpub.yunlu6.com/FrtEVqsa6AaQRikUimD0H1EBufzI-thumb",
            "home_name": "萌太奇板板板",
            "id": "194820ce-782b-4330-ac62-77a36763cd43",
            "name": "肖静远"
        },
        "favorites": 0,
        "files": [
            {
                "archive_id": 6449,
                "content": null,
                "created_at": "2018-08-27 11:40",
                "file_id": 154842,
                "id": 6064,
                "name": null,
                "position": 1,
                "size": {
                    "height": "640",
                    "width": "640"
                },
                "thumb_urls": "http://imgpub.yunlu6.com/Fs-NV3ziLs8PrWYXLB-gWz2TngIQ.jpg-general",
                "time_sec": 1535341233
            }
        ],
        "group_id": null,
        "group_type": "Glory",
        "id": 6449,
        "inside_state": "published",
        "interactions_summary": {
            "favorite_sum": 0,
            "follow_sum": 0,
            "shared_sum": 0,
            "visit_sum": 0,
            "vote_sum": 0
        },
        "name": "测试征集模式投票",
        "organization": {
            "company": "测试空间123",
            "id": 5155,
            "logo": "https://www.yunlu6.com/assets/blank.jpg",
            "name": "测试空间123简称",
            "service": {
                "aliaz": "stone_factory",
                "id": 12,
                "name": "工厂",
                "vocation": {
                    "aliaz": "stone",
                    "id": 1,
                    "name": "石制品",
                    "position": 0,
                    "state": "published"
                }
            }
        },
        "public_options": "10",
        "state": "published",
        "time_sec": 1535341233,
        "updated_at": "2018-08-27 11:40:33",
        "viewers": [],
        "visit": 0
    }
}
2018-08-27 11:40:33,781 - INFO - ------------------------------------用例结束------------------------------------

2018-08-27 11:40:33,781 - INFO - ------------------------------------用例开始------------------------------------
2018-08-27 11:40:33,879 - INFO - 1. 接口编号 : 1_1_2
2018-08-27 11:40:33,879 - INFO - 2. 接口名称 : Document - 公司档-投票-获取
2018-08-27 11:40:33,881 - INFO - 3. 接口描述 : 获取指定组织的指定公司档的投票。（该接口需要公司档的阅读权限）
2018-08-27 11:40:33,881 - INFO - 4. 接口路由 : /api/v2/team/5155/ballot
2018-08-27 11:40:33,882 - INFO - 5. 接口方式 : GET
2018-08-27 11:40:33,882 - INFO - 6. 接口头部 : 
2018-08-27 11:40:33,882 - INFO - 7. 接口数据 : {'token': '81e789ab629705fd503cd53cf265149a', 'team_id': '5155', 'mentionable_id': 6449, 'mentionable_type': 'Archive'}
2018-08-27 11:40:33,883 - INFO - 8. 接口检查 : 
2018-08-27 11:40:33,883 - INFO - 9. 预期状态 ：
2018-08-27 11:40:33,883 - INFO - 10.接口预期 : 200
2018-08-27 11:40:33,883 - INFO - 11.接口返回 : {
    "ballot": {
        "ballot_statistics": {
            "balloted_number": 0,
            "can_ballot": true,
            "unballoted_number": 1
        },
        "ballot_type": "single",
        "balloters_can_comment": false,
        "can_canvassing": true,
        "can_visiting_participotors": true,
        "created_at": "2018-08-27 11:40",
        "creator": {
            "home_name": "萌太奇板板板",
            "id": "194820ce-782b-4330-ac62-77a36763cd43"
        },
        "end_of_time": "2018-08-30 00:00",
        "hide_the_balloters": false,
        "id": 691,
        "list_mentionable_type": "Image",
        "lists": [
            {
                "ballot_participators_count": null,
                "created_at": "2018-08-27 11:40",
                "creator": {
                    "avatar_url": "http://imgpub.yunlu6.com/FrtEVqsa6AaQRikUimD0H1EBufzI-thumb",
                    "home_name": "萌太奇板板板",
                    "id": "194820ce-782b-4330-ac62-77a36763cd43"
                },
                "current_user_balloted": false,
                "description": null,
                "id": 2116,
                "mentioned_image": {
                    "album_id": 18510,
                    "booth_url": "http://imgpub.yunlu6.com/Fs-NV3ziLs8PrWYXLB-gWz2TngIQ.jpg-booth",
                    "cluster_type_id": null,
                    "created_at": "2018-08-07 14:05",
                    "creator": "肖静远",
                    "description": "1533621933286104",
                    "gallery_class_id": null,
                    "gallery_clazz": "document",
                    "id": 154842,
                    "mobile": "13027104206",
                    "name": null,
                    "names": [],
                    "position": 3,
                    "remark": "",
                    "state": "putaway",
                    "thumb_url": "http://imgpub.yunlu6.com/Fs-NV3ziLs8PrWYXLB-gWz2TngIQ.jpg-general",
                    "time_sec": 1533621932,
                    "url": "http://imgpub.yunlu6.com/Fs-NV3ziLs8PrWYXLB-gWz2TngIQ.jpg"
                },
                "state": "agreed",
                "time_sec": 1535341233,
                "title": "光谷"
            }
        ],
        "mentioned_archive": {
            "created_at": "2018-08-27 11:40",
            "editor": {
                "avatar_url": "http://imgpub.yunlu6.com/FrtEVqsa6AaQRikUimD0H1EBufzI-thumb",
                "home_name": "萌太奇板板板",
                "id": "194820ce-782b-4330-ac62-77a36763cd43",
                "name": "肖静远"
            },
            "favorites": 0,
            "files": [
                {
                    "archive_id": 6449,
                    "content": null,
                    "created_at": "2018-08-27 11:40",
                    "file_id": 154842,
                    "id": 6064,
                    "name": null,
                    "position": 1,
                    "size": {
                        "height": "640",
                        "width": "640"
                    },
                    "thumb_urls": "http://imgpub.yunlu6.com/Fs-NV3ziLs8PrWYXLB-gWz2TngIQ.jpg",
                    "time_sec": 1535341233
                }
            ],
            "group_id": null,
            "group_type": "Glory",
            "id": 6449,
            "inside_state": "published",
            "interactions_summary": {
                "favorite_sum": 0,
                "follow_sum": 0,
                "shared_sum": 0,
                "visit_sum": 0,
                "vote_sum": 0
            },
            "name": "测试征集模式投票",
            "organization": {
                "company": "测试空间123",
                "id": 5155,
                "logo": "https://www.yunlu6.com/assets/blank.jpg",
                "name": "测试空间123简称",
                "service": {
                    "aliaz": "stone_factory",
                    "id": 12,
                    "name": "工厂",
                    "vocation": {
                        "aliaz": "stone",
                        "id": 1,
                        "name": "石制品",
                        "position": 0,
                        "state": "published"
                    }
                }
            },
            "organization_id": 5155,
            "public_options": "10",
            "state": "published",
            "time_sec": 1535341233,
            "updated_at": "2018-08-27 11:40:33",
            "viewers": [],
            "visit": 0
        },
        "optional_limit": 1,
        "participators_count": 0,
        "state": "opened",
        "time_sec": 1535341233,
        "title": "xjy测试投票主题1"
    }
}
2018-08-27 11:40:33,884 - INFO - ------------------------------------用例结束------------------------------------

2018-08-27 11:40:33,884 - INFO - ------------------------------------用例开始------------------------------------
2018-08-27 11:40:33,885 - INFO - 未执行测试用例编号 : 1_1_3 | 名称 : Document - 公司档-删除

2018-08-27 11:40:33,885 - INFO - ------------------------------------用例结束------------------------------------

2018-08-27 11:40:33,885 - INFO - ****************************************SpaceAPI_Private：结束****************************************

2018-08-27 11:47:50,187 - INFO - ****************************************SpaceAPI_Private：开始****************************************
2018-08-27 11:47:50,188 - INFO - ------------------------------------用例开始------------------------------------
2018-08-27 11:47:50,805 - INFO - 1. 接口编号 : 1_1_1
2018-08-27 11:47:50,806 - INFO - 2. 接口名称 : Document - 公司档-投票-创建
2018-08-27 11:47:50,808 - INFO - 3. 接口描述 : 创建组织的指定公司档的投票。（该接口需要公司档的创建权限）
1. 投票类型：single
2. 投票资源：
Image
2018-08-27 11:47:50,808 - INFO - 4. 接口路由 : /api/v2/team/5155/archives
2018-08-27 11:47:50,808 - INFO - 5. 接口方式 : POST
2018-08-27 11:47:50,809 - INFO - 6. 接口头部 : {'Content-Type': 'application/json'}
2018-08-27 11:47:50,809 - INFO - 7. 接口数据 : {'token': '81e789ab629705fd503cd53cf265149a', 'team_id': '5155', 'name': '测试征集模式投票', 'published': 'true', 'file_ids': [154842], 'type': 'Glory', 'public_options': '10', 'ballot': {'ballot_type': 'single', 'end_of_time': '20180830', 'title': 'xjy测试投票主题1', 'mode': 'Collection', 'groups_type': 'Image', 'groups': [{'title': '光谷', 'id': '154842'}], 'balloters_can_comment': False, 'hide_the_balloters': False}}
2018-08-27 11:47:50,809 - INFO - 8. 接口检查 : 
2018-08-27 11:47:50,809 - INFO - 9. 预期状态 ：
2018-08-27 11:47:50,810 - INFO - 10.接口预期 : 201
2018-08-27 11:47:50,810 - INFO - 11.接口返回 : {
    "archive": {
        "created_at": "2018-08-27 11:47",
        "editor": {
            "avatar_url": "http://imgpub.yunlu6.com/FrtEVqsa6AaQRikUimD0H1EBufzI-thumb",
            "home_name": "萌太奇板板板",
            "id": "194820ce-782b-4330-ac62-77a36763cd43",
            "name": "肖静远"
        },
        "favorites": 0,
        "files": [
            {
                "archive_id": 6450,
                "content": null,
                "created_at": "2018-08-27 11:47",
                "file_id": 154842,
                "id": 6065,
                "name": null,
                "position": 1,
                "size": {
                    "height": "640",
                    "width": "640"
                },
                "thumb_urls": "http://imgpub.yunlu6.com/Fs-NV3ziLs8PrWYXLB-gWz2TngIQ.jpg-general",
                "time_sec": 1535341670
            }
        ],
        "group_id": null,
        "group_type": "Glory",
        "id": 6450,
        "inside_state": "published",
        "interactions_summary": {
            "favorite_sum": 0,
            "follow_sum": 0,
            "shared_sum": 0,
            "visit_sum": 0,
            "vote_sum": 0
        },
        "name": "测试征集模式投票",
        "organization": {
            "company": "测试空间123",
            "id": 5155,
            "logo": "https://www.yunlu6.com/assets/blank.jpg",
            "name": "测试空间123简称",
            "service": {
                "aliaz": "stone_factory",
                "id": 12,
                "name": "工厂",
                "vocation": {
                    "aliaz": "stone",
                    "id": 1,
                    "name": "石制品",
                    "position": 0,
                    "state": "published"
                }
            }
        },
        "public_options": "10",
        "state": "published",
        "time_sec": 1535341670,
        "updated_at": "2018-08-27 11:47:50",
        "viewers": [],
        "visit": 0
    }
}
2018-08-27 11:47:50,811 - INFO - ------------------------------------用例结束------------------------------------

2018-08-27 11:47:50,811 - INFO - ------------------------------------用例开始------------------------------------
2018-08-27 11:47:50,920 - INFO - 1. 接口编号 : 1_1_2
2018-08-27 11:47:50,921 - INFO - 2. 接口名称 : Document - 公司档-投票-获取
2018-08-27 11:47:50,923 - INFO - 3. 接口描述 : 获取指定组织的指定公司档的投票。（该接口需要公司档的阅读权限）
2018-08-27 11:47:50,923 - INFO - 4. 接口路由 : /api/v2/team/5155/ballot
2018-08-27 11:47:50,923 - INFO - 5. 接口方式 : GET
2018-08-27 11:47:50,924 - INFO - 6. 接口头部 : 
2018-08-27 11:47:50,924 - INFO - 7. 接口数据 : {'token': '81e789ab629705fd503cd53cf265149a', 'team_id': '5155', 'mentionable_id': 6450, 'mentionable_type': 'Archive'}
2018-08-27 11:47:50,924 - INFO - 8. 接口检查 : 
2018-08-27 11:47:50,925 - INFO - 9. 预期状态 ：
2018-08-27 11:47:50,925 - INFO - 10.接口预期 : 200
2018-08-27 11:47:50,925 - INFO - 11.接口返回 : {
    "ballot": {
        "ballot_statistics": {
            "balloted_number": 0,
            "can_ballot": true,
            "unballoted_number": 1
        },
        "ballot_type": "single",
        "balloters_can_comment": false,
        "can_canvassing": true,
        "can_visiting_participotors": true,
        "created_at": "2018-08-27 11:47",
        "creator": {
            "home_name": "萌太奇板板板",
            "id": "194820ce-782b-4330-ac62-77a36763cd43"
        },
        "end_of_time": "2018-08-30 00:00",
        "hide_the_balloters": false,
        "id": 692,
        "list_mentionable_type": "Image",
        "lists": [
            {
                "ballot_participators_count": null,
                "created_at": "2018-08-27 11:47",
                "creator": {
                    "avatar_url": "http://imgpub.yunlu6.com/FrtEVqsa6AaQRikUimD0H1EBufzI-thumb",
                    "home_name": "萌太奇板板板",
                    "id": "194820ce-782b-4330-ac62-77a36763cd43"
                },
                "current_user_balloted": false,
                "description": null,
                "id": 2117,
                "mentioned_image": {
                    "album_id": 18510,
                    "booth_url": "http://imgpub.yunlu6.com/Fs-NV3ziLs8PrWYXLB-gWz2TngIQ.jpg-booth",
                    "cluster_type_id": null,
                    "created_at": "2018-08-07 14:05",
                    "creator": "肖静远",
                    "description": "1533621933286104",
                    "gallery_class_id": null,
                    "gallery_clazz": "document",
                    "id": 154842,
                    "mobile": "13027104206",
                    "name": null,
                    "names": [],
                    "position": 3,
                    "remark": "",
                    "state": "putaway",
                    "thumb_url": "http://imgpub.yunlu6.com/Fs-NV3ziLs8PrWYXLB-gWz2TngIQ.jpg-general",
                    "time_sec": 1533621932,
                    "url": "http://imgpub.yunlu6.com/Fs-NV3ziLs8PrWYXLB-gWz2TngIQ.jpg"
                },
                "state": "agreed",
                "time_sec": 1535341670,
                "title": "光谷"
            }
        ],
        "mentioned_archive": {
            "created_at": "2018-08-27 11:47",
            "editor": {
                "avatar_url": "http://imgpub.yunlu6.com/FrtEVqsa6AaQRikUimD0H1EBufzI-thumb",
                "home_name": "萌太奇板板板",
                "id": "194820ce-782b-4330-ac62-77a36763cd43",
                "name": "肖静远"
            },
            "favorites": 0,
            "files": [
                {
                    "archive_id": 6450,
                    "content": null,
                    "created_at": "2018-08-27 11:47",
                    "file_id": 154842,
                    "id": 6065,
                    "name": null,
                    "position": 1,
                    "size": {
                        "height": "640",
                        "width": "640"
                    },
                    "thumb_urls": "http://imgpub.yunlu6.com/Fs-NV3ziLs8PrWYXLB-gWz2TngIQ.jpg",
                    "time_sec": 1535341670
                }
            ],
            "group_id": null,
            "group_type": "Glory",
            "id": 6450,
            "inside_state": "published",
            "interactions_summary": {
                "favorite_sum": 0,
                "follow_sum": 0,
                "shared_sum": 0,
                "visit_sum": 0,
                "vote_sum": 0
            },
            "name": "测试征集模式投票",
            "organization": {
                "company": "测试空间123",
                "id": 5155,
                "logo": "https://www.yunlu6.com/assets/blank.jpg",
                "name": "测试空间123简称",
                "service": {
                    "aliaz": "stone_factory",
                    "id": 12,
                    "name": "工厂",
                    "vocation": {
                        "aliaz": "stone",
                        "id": 1,
                        "name": "石制品",
                        "position": 0,
                        "state": "published"
                    }
                }
            },
            "organization_id": 5155,
            "public_options": "10",
            "state": "published",
            "time_sec": 1535341670,
            "updated_at": "2018-08-27 11:47:50",
            "viewers": [],
            "visit": 0
        },
        "mode": {
            "alias": "Collection",
            "name": "征集",
            "participator_number_limit": null,
            "state": "opened"
        },
        "optional_limit": 1,
        "participators_count": 0,
        "state": "opened",
        "time_sec": 1535341670,
        "title": "xjy测试投票主题1"
    }
}
2018-08-27 11:47:50,926 - INFO - ------------------------------------用例结束------------------------------------

2018-08-27 11:47:50,926 - INFO - ------------------------------------用例开始------------------------------------
2018-08-27 11:47:50,927 - INFO - 未执行测试用例编号 : 1_1_3 | 名称 : Document - 公司档-删除

2018-08-27 11:47:50,927 - INFO - ------------------------------------用例结束------------------------------------

2018-08-27 11:47:50,927 - INFO - ****************************************SpaceAPI_Private：结束****************************************

2018-08-27 13:45:05,623 - INFO - ****************************************SpaceAPI_Private：开始****************************************
2018-08-27 13:45:05,624 - INFO - ------------------------------------用例开始------------------------------------
2018-08-27 13:45:05,937 - INFO - 1. 接口编号 : 1_1_1
2018-08-27 13:45:05,938 - INFO - 2. 接口名称 : Document - 公司档-投票-创建
2018-08-27 13:45:05,940 - INFO - 3. 接口描述 : 创建组织的指定公司档的投票。（该接口需要公司档的创建权限）
1. 投票类型：single
2. 投票资源：
Image
2018-08-27 13:45:05,940 - INFO - 4. 接口路由 : /api/v2/team/5155/archives
2018-08-27 13:45:05,940 - INFO - 5. 接口方式 : POST
2018-08-27 13:45:05,941 - INFO - 6. 接口头部 : {'Content-Type': 'application/json'}
2018-08-27 13:45:05,941 - INFO - 7. 接口数据 : {'token': '81e789ab629705fd503cd53cf265149a', 'team_id': '5155', 'name': '测试征集模式投票', 'published': 'true', 'file_ids': [154842], 'type': 'Glory', 'public_options': '10', 'ballot': {'ballot_type': 'single', 'end_of_time': '20180830', 'title': 'xjy测试投票主题1', 'mode': 'Collection', 'groups_type': 'Image', 'groups': [{'title': '光谷', 'id': '154842'}], 'balloters_can_comment': False, 'hide_the_balloters': False}}
2018-08-27 13:45:05,941 - INFO - 8. 接口检查 : 
2018-08-27 13:45:05,941 - INFO - 9. 预期状态 ：
2018-08-27 13:45:05,942 - INFO - 10.接口预期 : 201
2018-08-27 13:45:05,942 - INFO - 11.接口返回 : {
    "archive": {
        "created_at": "2018-08-27 13:45",
        "editor": {
            "avatar_url": "http://imgpub.yunlu6.com/FrtEVqsa6AaQRikUimD0H1EBufzI-thumb",
            "home_name": "萌太奇板板板",
            "id": "194820ce-782b-4330-ac62-77a36763cd43",
            "name": "肖静远"
        },
        "favorites": 0,
        "files": [
            {
                "archive_id": 6451,
                "content": null,
                "created_at": "2018-08-27 13:45",
                "file_id": 154842,
                "id": 6066,
                "name": null,
                "position": 1,
                "size": {
                    "height": "640",
                    "width": "640"
                },
                "thumb_urls": "http://imgpub.yunlu6.com/Fs-NV3ziLs8PrWYXLB-gWz2TngIQ.jpg-general",
                "time_sec": 1535348705
            }
        ],
        "group_id": null,
        "group_type": "Glory",
        "id": 6451,
        "inside_state": "published",
        "interactions_summary": {
            "favorite_sum": 0,
            "follow_sum": 0,
            "shared_sum": 0,
            "visit_sum": 0,
            "vote_sum": 0
        },
        "name": "测试征集模式投票",
        "organization": {
            "company": "测试空间123",
            "id": 5155,
            "logo": "https://www.yunlu6.com/assets/blank.jpg",
            "name": "测试空间123简称",
            "service": {
                "aliaz": "stone_factory",
                "id": 12,
                "name": "工厂",
                "vocation": {
                    "aliaz": "stone",
                    "id": 1,
                    "name": "石制品",
                    "position": 0,
                    "state": "published"
                }
            }
        },
        "public_options": "10",
        "state": "published",
        "time_sec": 1535348705,
        "updated_at": "2018-08-27 13:45:05",
        "viewers": [],
        "visit": 0
    }
}
2018-08-27 13:45:05,943 - INFO - ------------------------------------用例结束------------------------------------

2018-08-27 13:45:05,943 - INFO - ------------------------------------用例开始------------------------------------
2018-08-27 13:45:06,047 - INFO - 1. 接口编号 : 1_1_2
2018-08-27 13:45:06,047 - INFO - 2. 接口名称 : Document - 公司档-投票-获取
2018-08-27 13:45:06,049 - INFO - 3. 接口描述 : 获取指定组织的指定公司档的投票。（该接口需要公司档的阅读权限）
2018-08-27 13:45:06,050 - INFO - 4. 接口路由 : /api/v2/team/5155/ballot
2018-08-27 13:45:06,050 - INFO - 5. 接口方式 : GET
2018-08-27 13:45:06,050 - INFO - 6. 接口头部 : 
2018-08-27 13:45:06,051 - INFO - 7. 接口数据 : {'token': '81e789ab629705fd503cd53cf265149a', 'team_id': '5155', 'mentionable_id': 6451, 'mentionable_type': 'Archive'}
2018-08-27 13:45:06,051 - INFO - 8. 接口检查 : 
2018-08-27 13:45:06,051 - INFO - 9. 预期状态 ：
2018-08-27 13:45:06,051 - INFO - 10.接口预期 : 200
2018-08-27 13:45:06,052 - INFO - 11.接口返回 : {
    "ballot": {
        "ballot_statistics": {
            "balloted_number": 0,
            "can_ballot": true,
            "unballoted_number": 1
        },
        "ballot_type": "single",
        "balloters_can_comment": false,
        "can_canvassing": true,
        "can_visiting_participotors": true,
        "created_at": "2018-08-27 13:45",
        "creator": {
            "home_name": "萌太奇板板板",
            "id": "194820ce-782b-4330-ac62-77a36763cd43"
        },
        "end_of_time": "2018-08-30 00:00",
        "hide_the_balloters": false,
        "id": 693,
        "list_mentionable_type": "Image",
        "lists": [
            {
                "ballot_participators_count": null,
                "created_at": "2018-08-27 13:45",
                "creator": {
                    "avatar_url": "http://imgpub.yunlu6.com/FrtEVqsa6AaQRikUimD0H1EBufzI-thumb",
                    "home_name": "萌太奇板板板",
                    "id": "194820ce-782b-4330-ac62-77a36763cd43"
                },
                "current_user_balloted": false,
                "description": null,
                "id": 2119,
                "mentioned_image": {
                    "album_id": 18510,
                    "booth_url": "http://imgpub.yunlu6.com/Fs-NV3ziLs8PrWYXLB-gWz2TngIQ.jpg-booth",
                    "cluster_type_id": null,
                    "created_at": "2018-08-07 14:05",
                    "creator": "肖静远",
                    "description": "1533621933286104",
                    "gallery_class_id": null,
                    "gallery_clazz": "document",
                    "id": 154842,
                    "mobile": "13027104206",
                    "name": null,
                    "names": [],
                    "position": 3,
                    "remark": "",
                    "state": "putaway",
                    "thumb_url": "http://imgpub.yunlu6.com/Fs-NV3ziLs8PrWYXLB-gWz2TngIQ.jpg-general",
                    "time_sec": 1533621932,
                    "url": "http://imgpub.yunlu6.com/Fs-NV3ziLs8PrWYXLB-gWz2TngIQ.jpg"
                },
                "state": "agreed",
                "time_sec": 1535348705,
                "title": "光谷"
            }
        ],
        "mentioned_archive": {
            "created_at": "2018-08-27 13:45",
            "editor": {
                "avatar_url": "http://imgpub.yunlu6.com/FrtEVqsa6AaQRikUimD0H1EBufzI-thumb",
                "home_name": "萌太奇板板板",
                "id": "194820ce-782b-4330-ac62-77a36763cd43",
                "name": "肖静远"
            },
            "favorites": 0,
            "files": [
                {
                    "archive_id": 6451,
                    "content": null,
                    "created_at": "2018-08-27 13:45",
                    "file_id": 154842,
                    "id": 6066,
                    "name": null,
                    "position": 1,
                    "size": {
                        "height": "640",
                        "width": "640"
                    },
                    "thumb_urls": "http://imgpub.yunlu6.com/Fs-NV3ziLs8PrWYXLB-gWz2TngIQ.jpg",
                    "time_sec": 1535348705
                }
            ],
            "group_id": null,
            "group_type": "Glory",
            "id": 6451,
            "inside_state": "published",
            "interactions_summary": {
                "favorite_sum": 0,
                "follow_sum": 0,
                "shared_sum": 0,
                "visit_sum": 0,
                "vote_sum": 0
            },
            "name": "测试征集模式投票",
            "organization": {
                "company": "测试空间123",
                "id": 5155,
                "logo": "https://www.yunlu6.com/assets/blank.jpg",
                "name": "测试空间123简称",
                "service": {
                    "aliaz": "stone_factory",
                    "id": 12,
                    "name": "工厂",
                    "vocation": {
                        "aliaz": "stone",
                        "id": 1,
                        "name": "石制品",
                        "position": 0,
                        "state": "published"
                    }
                }
            },
            "organization_id": 5155,
            "public_options": "10",
            "state": "published",
            "time_sec": 1535348705,
            "updated_at": "2018-08-27 13:45:05",
            "viewers": [],
            "visit": 0
        },
        "mode": {
            "alias": "Collection",
            "name": "征集",
            "participator_number_limit": null,
            "state": "opened"
        },
        "optional_limit": 1,
        "participators_count": 0,
        "state": "opened",
        "time_sec": 1535348705,
        "title": "xjy测试投票主题1"
    }
}
2018-08-27 13:45:06,052 - INFO - ------------------------------------用例结束------------------------------------

2018-08-27 13:45:06,053 - INFO - ------------------------------------用例开始------------------------------------
2018-08-27 13:45:06,053 - INFO - 未执行测试用例编号 : 1_1_3 | 名称 : Document - 公司档-删除

2018-08-27 13:45:06,053 - INFO - ------------------------------------用例结束------------------------------------

2018-08-27 13:45:06,053 - INFO - ****************************************SpaceAPI_Private：结束****************************************

2018-08-27 14:52:59,125 - INFO - ****************************************SpaceAPI_Private：开始****************************************
2018-08-27 14:52:59,128 - INFO - ------------------------------------用例开始------------------------------------
2018-08-27 14:52:59,508 - INFO - 1. 接口编号 : 1_1_1
2018-08-27 14:52:59,508 - INFO - 2. 接口名称 : Document - 公司档-投票-创建
2018-08-27 14:52:59,510 - INFO - 3. 接口描述 : 创建组织的指定公司档的投票。（该接口需要公司档的创建权限）
1. 投票类型：single
2. 投票资源：
Image
2018-08-27 14:52:59,510 - INFO - 4. 接口路由 : /api/v2/team/5155/archives
2018-08-27 14:52:59,511 - INFO - 5. 接口方式 : POST
2018-08-27 14:52:59,511 - INFO - 6. 接口头部 : {'Content-Type': 'application/json'}
2018-08-27 14:52:59,512 - INFO - 7. 接口数据 : {'token': '81e789ab629705fd503cd53cf265149a', 'team_id': '5155', 'name': '测试PK模式投票', 'published': 'true', 'file_ids': [154842], 'type': 'Glory', 'public_options': '10', 'ballot': {'ballot_type': 'single', 'end_of_time': '20180830', 'title': 'xjy测试投票主题1', 'mode': 'Collection', 'groups_type': 'Image', 'groups': [{'title': '光谷', 'id': '154842'}], 'balloters_can_comment': False, 'hide_the_balloters': False}}
2018-08-27 14:52:59,512 - INFO - 8. 接口检查 : 
2018-08-27 14:52:59,513 - INFO - 9. 预期状态 ：
2018-08-27 14:52:59,513 - INFO - 10.接口预期 : 201
2018-08-27 14:52:59,513 - INFO - 11.接口返回 : {
    "archive": {
        "created_at": "2018-08-27 14:52",
        "editor": {
            "avatar_url": "http://imgpub.yunlu6.com/FrtEVqsa6AaQRikUimD0H1EBufzI-thumb",
            "home_name": "萌太奇板板板",
            "id": "194820ce-782b-4330-ac62-77a36763cd43",
            "name": "肖静远"
        },
        "favorites": 0,
        "files": [
            {
                "archive_id": 6452,
                "content": null,
                "created_at": "2018-08-27 14:52",
                "file_id": 154842,
                "id": 6067,
                "name": null,
                "position": 1,
                "size": {
                    "height": "640",
                    "width": "640"
                },
                "thumb_urls": "http://imgpub.yunlu6.com/Fs-NV3ziLs8PrWYXLB-gWz2TngIQ.jpg-general",
                "time_sec": 1535352779
            }
        ],
        "group_id": null,
        "group_type": "Glory",
        "id": 6452,
        "inside_state": "published",
        "interactions_summary": {
            "favorite_sum": 0,
            "follow_sum": 0,
            "shared_sum": 0,
            "visit_sum": 0,
            "vote_sum": 0
        },
        "name": "测试PK模式投票",
        "organization": {
            "company": "测试空间123",
            "id": 5155,
            "logo": "https://www.yunlu6.com/assets/blank.jpg",
            "name": "测试空间123简称",
            "service": {
                "aliaz": "stone_factory",
                "id": 12,
                "name": "工厂",
                "vocation": {
                    "aliaz": "stone",
                    "id": 1,
                    "name": "石制品",
                    "position": 0,
                    "state": "published"
                }
            }
        },
        "public_options": "10",
        "state": "published",
        "time_sec": 1535352779,
        "updated_at": "2018-08-27 14:52:59",
        "viewers": [],
        "visit": 0
    }
}
2018-08-27 14:52:59,514 - INFO - ------------------------------------用例结束------------------------------------

2018-08-27 14:52:59,514 - INFO - ------------------------------------用例开始------------------------------------
2018-08-27 14:52:59,636 - INFO - 1. 接口编号 : 1_1_2
2018-08-27 14:52:59,637 - INFO - 2. 接口名称 : Document - 公司档-投票-获取
2018-08-27 14:52:59,638 - INFO - 3. 接口描述 : 获取指定组织的指定公司档的投票。（该接口需要公司档的阅读权限）
2018-08-27 14:52:59,639 - INFO - 4. 接口路由 : /api/v2/team/5155/ballot
2018-08-27 14:52:59,639 - INFO - 5. 接口方式 : GET
2018-08-27 14:52:59,639 - INFO - 6. 接口头部 : 
2018-08-27 14:52:59,639 - INFO - 7. 接口数据 : {'token': '81e789ab629705fd503cd53cf265149a', 'team_id': '5155', 'mentionable_id': 6452, 'mentionable_type': 'Archive'}
2018-08-27 14:52:59,640 - INFO - 8. 接口检查 : 
2018-08-27 14:52:59,640 - INFO - 9. 预期状态 ：
2018-08-27 14:52:59,641 - INFO - 10.接口预期 : 200
2018-08-27 14:52:59,641 - INFO - 11.接口返回 : {
    "ballot": {
        "ballot_statistics": {
            "balloted_number": 0,
            "can_ballot": true,
            "unballoted_number": 1
        },
        "ballot_type": "single",
        "balloters_can_comment": false,
        "can_canvassing": true,
        "can_visiting_participotors": true,
        "created_at": "2018-08-27 14:52",
        "creator": {
            "home_name": "萌太奇板板板",
            "id": "194820ce-782b-4330-ac62-77a36763cd43"
        },
        "end_of_time": "2018-08-30 00:00",
        "hide_the_balloters": false,
        "id": 694,
        "list_mentionable_type": "Image",
        "lists": [
            {
                "ballot_participators_count": null,
                "created_at": "2018-08-27 14:52",
                "creator": {
                    "avatar_url": "http://imgpub.yunlu6.com/FrtEVqsa6AaQRikUimD0H1EBufzI-thumb",
                    "home_name": "萌太奇板板板",
                    "id": "194820ce-782b-4330-ac62-77a36763cd43"
                },
                "current_user_balloted": false,
                "description": null,
                "id": 2121,
                "mentioned_image": {
                    "album_id": 18510,
                    "booth_url": "http://imgpub.yunlu6.com/Fs-NV3ziLs8PrWYXLB-gWz2TngIQ.jpg-booth",
                    "cluster_type_id": null,
                    "created_at": "2018-08-07 14:05",
                    "creator": "肖静远",
                    "description": "1533621933286104",
                    "gallery_class_id": null,
                    "gallery_clazz": "document",
                    "id": 154842,
                    "mobile": "13027104206",
                    "name": null,
                    "names": [],
                    "position": 3,
                    "remark": "",
                    "state": "putaway",
                    "thumb_url": "http://imgpub.yunlu6.com/Fs-NV3ziLs8PrWYXLB-gWz2TngIQ.jpg-general",
                    "time_sec": 1533621932,
                    "url": "http://imgpub.yunlu6.com/Fs-NV3ziLs8PrWYXLB-gWz2TngIQ.jpg"
                },
                "state": "agreed",
                "time_sec": 1535352779,
                "title": "光谷"
            }
        ],
        "mentioned_archive": {
            "created_at": "2018-08-27 14:52",
            "editor": {
                "avatar_url": "http://imgpub.yunlu6.com/FrtEVqsa6AaQRikUimD0H1EBufzI-thumb",
                "home_name": "萌太奇板板板",
                "id": "194820ce-782b-4330-ac62-77a36763cd43",
                "name": "肖静远"
            },
            "favorites": 0,
            "files": [
                {
                    "archive_id": 6452,
                    "content": null,
                    "created_at": "2018-08-27 14:52",
                    "file_id": 154842,
                    "id": 6067,
                    "name": null,
                    "position": 1,
                    "size": {
                        "height": "640",
                        "width": "640"
                    },
                    "thumb_urls": "http://imgpub.yunlu6.com/Fs-NV3ziLs8PrWYXLB-gWz2TngIQ.jpg",
                    "time_sec": 1535352779
                }
            ],
            "group_id": null,
            "group_type": "Glory",
            "id": 6452,
            "inside_state": "published",
            "interactions_summary": {
                "favorite_sum": 0,
                "follow_sum": 0,
                "shared_sum": 0,
                "visit_sum": 0,
                "vote_sum": 0
            },
            "name": "测试PK模式投票",
            "organization": {
                "company": "测试空间123",
                "id": 5155,
                "logo": "https://www.yunlu6.com/assets/blank.jpg",
                "name": "测试空间123简称",
                "service": {
                    "aliaz": "stone_factory",
                    "id": 12,
                    "name": "工厂",
                    "vocation": {
                        "aliaz": "stone",
                        "id": 1,
                        "name": "石制品",
                        "position": 0,
                        "state": "published"
                    }
                }
            },
            "organization_id": 5155,
            "public_options": "10",
            "state": "published",
            "time_sec": 1535352779,
            "updated_at": "2018-08-27 14:52:59",
            "viewers": [],
            "visit": 0
        },
        "mode": {
            "alias": "Collection",
            "name": "征集",
            "participator_number_limit": null,
            "state": "opened"
        },
        "optional_limit": 1,
        "participators_count": 0,
        "state": "opened",
        "time_sec": 1535352779,
        "title": "xjy测试投票主题1"
    }
}
2018-08-27 14:52:59,641 - INFO - ------------------------------------用例结束------------------------------------

2018-08-27 14:52:59,642 - INFO - ------------------------------------用例开始------------------------------------
2018-08-27 14:52:59,642 - INFO - 未执行测试用例编号 : 1_1_3 | 名称 : Document - 公司档-删除

2018-08-27 14:52:59,642 - INFO - ------------------------------------用例结束------------------------------------

2018-08-27 14:52:59,643 - INFO - ****************************************SpaceAPI_Private：结束****************************************

2018-08-27 15:30:05,518 - INFO - ****************************************SpaceAPI_Private：开始****************************************
2018-08-27 15:30:05,522 - INFO - ------------------------------------用例开始------------------------------------
2018-08-27 15:30:05,575 - INFO - 1. 接口编号 : 1_1_1
2018-08-27 15:30:05,576 - INFO - 2. 接口名称 : Document - 公司档-投票-创建
2018-08-27 15:30:05,578 - INFO - 3. 接口描述 : 创建组织的指定公司档的投票。（该接口需要公司档的创建权限）
1. 投票类型：single
2. 投票资源：
Image
2018-08-27 15:30:05,578 - INFO - 4. 接口路由 : /api/v2/team/5155/archives
2018-08-27 15:30:05,578 - INFO - 5. 接口方式 : POST
2018-08-27 15:30:05,579 - INFO - 6. 接口头部 : {'Content-Type': 'application/json'}
2018-08-27 15:30:05,579 - INFO - 7. 接口数据 : {'token': '81e789ab629705fd503cd53cf265149a', 'team_id': '5155', 'name': '测试PK模式投票', 'published': 'true', 'file_ids': [154842], 'type': 'Glory', 'public_options': '10', 'ballot': {'ballot_type': 'single', 'end_of_time': '20180830', 'title': 'xjy测试投票主题1', 'mode': 'Pk', 'groups_type': 'Image', 'groups': [{'title': '光谷', 'id': '154842'}], 'balloters_can_comment': False, 'hide_the_balloters': False}}
2018-08-27 15:30:05,579 - INFO - 8. 接口检查 : 
2018-08-27 15:30:05,579 - INFO - 9. 预期状态 ：
2018-08-27 15:30:05,580 - INFO - 10.接口预期 : 201
2018-08-27 15:30:05,580 - INFO - 11.接口返回 : {
    "details": "ballot[participator_number_limit] 参数缺失",
    "error": "请求参数校验失败"
}
2018-08-27 15:30:05,581 - ERROR - 返回状态码错误！实际返回状态码为:401
Traceback (most recent call last):
  File "/Users/xiaojingyuan/PycharmProjects/Appium/YunluFramework_API/testcase/SpaceAPI/TestSpaceApi.py", line 175, in test01_api
    assert status_code == api_status
AssertionError

2018-08-27 15:30:05,582 - INFO - ------------------------------------用例结束------------------------------------

2018-08-27 15:30:05,583 - INFO - ------------------------------------用例开始------------------------------------
2018-08-27 15:30:05,625 - INFO - 1. 接口编号 : 1_1_2
2018-08-27 15:30:05,626 - INFO - 2. 接口名称 : Document - 公司档-投票-获取
2018-08-27 15:30:05,628 - INFO - 3. 接口描述 : 获取指定组织的指定公司档的投票。（该接口需要公司档的阅读权限）
2018-08-27 15:30:05,628 - INFO - 4. 接口路由 : /api/v2/team/5155/ballot
2018-08-27 15:30:05,628 - INFO - 5. 接口方式 : GET
2018-08-27 15:30:05,629 - INFO - 6. 接口头部 : 
2018-08-27 15:30:05,629 - INFO - 7. 接口数据 : {'token': '81e789ab629705fd503cd53cf265149a', 'team_id': '5155', 'mentionable_id': {'details': 'ballot[participator_number_limit] 参数缺失', 'error': '请求参数校验失败'}, 'mentionable_type': 'Archive'}
2018-08-27 15:30:05,629 - INFO - 8. 接口检查 : 
2018-08-27 15:30:05,629 - INFO - 9. 预期状态 ：
2018-08-27 15:30:05,630 - INFO - 10.接口预期 : 200
2018-08-27 15:30:05,630 - INFO - 11.接口返回 : {
    "details": "Couldn't find Archive with 'id'=error [WHERE \"archives\".\"organization_id\" = $1]",
    "error": "该记录不存在"
}
2018-08-27 15:30:05,630 - ERROR - 返回状态码错误！实际返回状态码为:404
Traceback (most recent call last):
  File "/Users/xiaojingyuan/PycharmProjects/Appium/YunluFramework_API/testcase/SpaceAPI/TestSpaceApi.py", line 175, in test01_api
    assert status_code == api_status
AssertionError

2018-08-27 15:30:05,631 - INFO - ------------------------------------用例结束------------------------------------

2018-08-27 15:30:05,632 - INFO - ------------------------------------用例开始------------------------------------
2018-08-27 15:30:05,632 - INFO - 未执行测试用例编号 : 1_1_3 | 名称 : Document - 公司档-删除

2018-08-27 15:30:05,632 - INFO - ------------------------------------用例结束------------------------------------

2018-08-27 15:30:05,633 - INFO - ****************************************SpaceAPI_Private：结束****************************************

2018-08-27 15:30:30,417 - INFO - ****************************************SpaceAPI_Private：开始****************************************
2018-08-27 15:30:30,420 - INFO - ------------------------------------用例开始------------------------------------
2018-08-27 15:30:30,470 - INFO - 1. 接口编号 : 1_1_1
2018-08-27 15:30:30,471 - INFO - 2. 接口名称 : Document - 公司档-投票-创建
2018-08-27 15:30:30,473 - INFO - 3. 接口描述 : 创建组织的指定公司档的投票。（该接口需要公司档的创建权限）
1. 投票类型：single
2. 投票资源：
Image
2018-08-27 15:30:30,473 - INFO - 4. 接口路由 : /api/v2/team/5155/archives
2018-08-27 15:30:30,474 - INFO - 5. 接口方式 : POST
2018-08-27 15:30:30,474 - INFO - 6. 接口头部 : {'Content-Type': 'application/json'}
2018-08-27 15:30:30,474 - INFO - 7. 接口数据 : {'token': '81e789ab629705fd503cd53cf265149a', 'team_id': '5155', 'name': '测试PK模式投票', 'published': 'true', 'file_ids': [154842], 'type': 'Glory', 'public_options': '10', 'ballot': {'ballot_type': 'single', 'end_of_time': '20180830', 'title': 'xjy测试投票主题1', 'mode': 'Pk', 'groups_type': 'Image', 'groups': [{'title': '光谷', 'id': '154842'}], 'balloters_can_comment': False, 'hide_the_balloters': False}}
2018-08-27 15:30:30,475 - INFO - 8. 接口检查 : 
2018-08-27 15:30:30,475 - INFO - 9. 预期状态 ：
2018-08-27 15:30:30,476 - INFO - 10.接口预期 : 201
2018-08-27 15:30:30,476 - INFO - 11.接口返回 : {
    "details": "ballot[participator_number_limit] 参数缺失",
    "error": "请求参数校验失败"
}
2018-08-27 15:30:30,477 - ERROR - 返回状态码错误！实际返回状态码为:401
Traceback (most recent call last):
  File "/Users/xiaojingyuan/PycharmProjects/Appium/YunluFramework_API/testcase/SpaceAPI/TestSpaceApi.py", line 175, in test01_api
    assert status_code == api_status
AssertionError

2018-08-27 15:30:30,478 - INFO - ------------------------------------用例结束------------------------------------

2018-08-27 15:30:30,479 - INFO - ------------------------------------用例开始------------------------------------
2018-08-27 15:30:30,523 - INFO - 1. 接口编号 : 1_1_2
2018-08-27 15:30:30,524 - INFO - 2. 接口名称 : Document - 公司档-投票-获取
2018-08-27 15:30:30,526 - INFO - 3. 接口描述 : 获取指定组织的指定公司档的投票。（该接口需要公司档的阅读权限）
2018-08-27 15:30:30,526 - INFO - 4. 接口路由 : /api/v2/team/5155/ballot
2018-08-27 15:30:30,527 - INFO - 5. 接口方式 : GET
2018-08-27 15:30:30,527 - INFO - 6. 接口头部 : 
2018-08-27 15:30:30,527 - INFO - 7. 接口数据 : {'token': '81e789ab629705fd503cd53cf265149a', 'team_id': '5155', 'mentionable_id': {'details': 'ballot[participator_number_limit] 参数缺失', 'error': '请求参数校验失败'}, 'mentionable_type': 'Archive'}
2018-08-27 15:30:30,528 - INFO - 8. 接口检查 : 
2018-08-27 15:30:30,528 - INFO - 9. 预期状态 ：
2018-08-27 15:30:30,528 - INFO - 10.接口预期 : 200
2018-08-27 15:30:30,528 - INFO - 11.接口返回 : {
    "details": "Couldn't find Archive with 'id'=error [WHERE \"archives\".\"organization_id\" = $1]",
    "error": "该记录不存在"
}
2018-08-27 15:30:30,529 - ERROR - 返回状态码错误！实际返回状态码为:404
Traceback (most recent call last):
  File "/Users/xiaojingyuan/PycharmProjects/Appium/YunluFramework_API/testcase/SpaceAPI/TestSpaceApi.py", line 175, in test01_api
    assert status_code == api_status
AssertionError

2018-08-27 15:30:30,530 - INFO - ------------------------------------用例结束------------------------------------

2018-08-27 15:30:30,531 - INFO - ------------------------------------用例开始------------------------------------
2018-08-27 15:30:30,531 - INFO - 未执行测试用例编号 : 1_1_3 | 名称 : Document - 公司档-删除

2018-08-27 15:30:30,531 - INFO - ------------------------------------用例结束------------------------------------

2018-08-27 15:30:30,532 - INFO - ****************************************SpaceAPI_Private：结束****************************************

2018-08-27 15:31:49,034 - INFO - ****************************************SpaceAPI_Private：开始****************************************
2018-08-27 15:31:49,039 - INFO - ------------------------------------用例开始------------------------------------
2018-08-27 15:31:49,092 - INFO - 1. 接口编号 : 1_1_1
2018-08-27 15:31:49,092 - INFO - 2. 接口名称 : Document - 公司档-投票-创建
2018-08-27 15:31:49,094 - INFO - 3. 接口描述 : 创建组织的指定公司档的投票。（该接口需要公司档的创建权限）
1. 投票类型：single
2. 投票资源：
Image
2018-08-27 15:31:49,095 - INFO - 4. 接口路由 : /api/v2/team/5155/archives
2018-08-27 15:31:49,096 - INFO - 5. 接口方式 : POST
2018-08-27 15:31:49,096 - INFO - 6. 接口头部 : {'Content-Type': 'application/json'}
2018-08-27 15:31:49,096 - INFO - 7. 接口数据 : {'token': '81e789ab629705fd503cd53cf265149a', 'team_id': '5155', 'name': '测试征集模式投票', 'published': 'true', 'file_ids': [154842], 'type': 'Glory', 'public_options': '10', 'ballot': {'ballot_type': 'single', 'end_of_time': '20180830', 'title': 'xjy测试pk模式', 'mode': 'PK', 'groups_type': 'Image', 'groups': [{'title': '光谷', 'id': '154842'}], 'balloters_can_comment': False, 'hide_the_balloters': False}}
2018-08-27 15:31:49,097 - INFO - 8. 接口检查 : 
2018-08-27 15:31:49,097 - INFO - 9. 预期状态 ：
2018-08-27 15:31:49,098 - INFO - 10.接口预期 : 201
2018-08-27 15:31:49,098 - INFO - 11.接口返回 : {
    "details": "ballot[mode] 不允许为该值",
    "error": "请求参数校验失败"
}
2018-08-27 15:31:49,099 - ERROR - 返回状态码错误！实际返回状态码为:401
Traceback (most recent call last):
  File "/Users/xiaojingyuan/PycharmProjects/Appium/YunluFramework_API/testcase/SpaceAPI/TestSpaceApi.py", line 175, in test01_api
    assert status_code == api_status
AssertionError

2018-08-27 15:31:49,100 - INFO - ------------------------------------用例结束------------------------------------

2018-08-27 15:31:49,101 - INFO - ------------------------------------用例开始------------------------------------
2018-08-27 15:31:49,145 - INFO - 1. 接口编号 : 1_1_2
2018-08-27 15:31:49,145 - INFO - 2. 接口名称 : Document - 公司档-投票-获取
2018-08-27 15:31:49,147 - INFO - 3. 接口描述 : 获取指定组织的指定公司档的投票。（该接口需要公司档的阅读权限）
2018-08-27 15:31:49,148 - INFO - 4. 接口路由 : /api/v2/team/5155/ballot
2018-08-27 15:31:49,148 - INFO - 5. 接口方式 : GET
2018-08-27 15:31:49,148 - INFO - 6. 接口头部 : 
2018-08-27 15:31:49,149 - INFO - 7. 接口数据 : {'token': '81e789ab629705fd503cd53cf265149a', 'team_id': '5155', 'mentionable_id': {'details': 'ballot[mode] 不允许为该值', 'error': '请求参数校验失败'}, 'mentionable_type': 'Archive'}
2018-08-27 15:31:49,149 - INFO - 8. 接口检查 : 
2018-08-27 15:31:49,150 - INFO - 9. 预期状态 ：
2018-08-27 15:31:49,150 - INFO - 10.接口预期 : 200
2018-08-27 15:31:49,150 - INFO - 11.接口返回 : {
    "details": "Couldn't find Archive with 'id'=error [WHERE \"archives\".\"organization_id\" = $1]",
    "error": "该记录不存在"
}
2018-08-27 15:31:49,151 - ERROR - 返回状态码错误！实际返回状态码为:404
Traceback (most recent call last):
  File "/Users/xiaojingyuan/PycharmProjects/Appium/YunluFramework_API/testcase/SpaceAPI/TestSpaceApi.py", line 175, in test01_api
    assert status_code == api_status
AssertionError

2018-08-27 15:31:49,152 - INFO - ------------------------------------用例结束------------------------------------

2018-08-27 15:31:49,152 - INFO - ------------------------------------用例开始------------------------------------
2018-08-27 15:31:49,153 - INFO - 未执行测试用例编号 : 1_1_3 | 名称 : Document - 公司档-删除

2018-08-27 15:31:49,153 - INFO - ------------------------------------用例结束------------------------------------

2018-08-27 15:31:49,154 - INFO - ****************************************SpaceAPI_Private：结束****************************************

2018-08-27 15:32:58,196 - INFO - ****************************************SpaceAPI_Private：开始****************************************
2018-08-27 15:32:58,200 - INFO - ------------------------------------用例开始------------------------------------
2018-08-27 15:32:58,264 - INFO - 1. 接口编号 : 1_1_1
2018-08-27 15:32:58,264 - INFO - 2. 接口名称 : Document - 公司档-投票-创建
2018-08-27 15:32:58,267 - INFO - 3. 接口描述 : 创建组织的指定公司档的投票。（该接口需要公司档的创建权限）
1. 投票类型：single
2. 投票资源：
Image
2018-08-27 15:32:58,267 - INFO - 4. 接口路由 : /api/v2/team/5155/archives
2018-08-27 15:32:58,267 - INFO - 5. 接口方式 : POST
2018-08-27 15:32:58,268 - INFO - 6. 接口头部 : {'Content-Type': 'application/json'}
2018-08-27 15:32:58,268 - INFO - 7. 接口数据 : {'token': '81e789ab629705fd503cd53cf265149a', 'team_id': '5155', 'name': '测试征集模式投票', 'published': 'true', 'file_ids': [154842], 'type': 'Glory', 'public_options': '10', 'ballot': {'ballot_type': 'single', 'end_of_time': '20180830', 'title': 'xjy测试pk模式', 'mode': 'Collection', 'groups_type': 'Image', 'groups': [{'title': '光谷', 'id': '154842'}], 'balloters_can_comment': False, 'hide_the_balloters': False}}
2018-08-27 15:32:58,269 - INFO - 8. 接口检查 : 
2018-08-27 15:32:58,269 - INFO - 9. 预期状态 ：
2018-08-27 15:32:58,269 - INFO - 10.接口预期 : 201
2018-08-27 15:32:58,270 - INFO - 11.接口返回 : {
    "code": 0,
    "detail": "Name 已经被使用",
    "id": null
}
2018-08-27 15:32:58,271 - ERROR - 返回状态码错误！实际返回状态码为:200
Traceback (most recent call last):
  File "/Users/xiaojingyuan/PycharmProjects/Appium/YunluFramework_API/testcase/SpaceAPI/TestSpaceApi.py", line 175, in test01_api
    assert status_code == api_status
AssertionError

2018-08-27 15:32:58,272 - INFO - ------------------------------------用例结束------------------------------------

2018-08-27 15:32:58,273 - INFO - ------------------------------------用例开始------------------------------------
2018-08-27 15:32:58,318 - INFO - 1. 接口编号 : 1_1_2
2018-08-27 15:32:58,319 - INFO - 2. 接口名称 : Document - 公司档-投票-获取
2018-08-27 15:32:58,319 - INFO - 3. 接口描述 : 获取指定组织的指定公司档的投票。（该接口需要公司档的阅读权限）
2018-08-27 15:32:58,319 - INFO - 4. 接口路由 : /api/v2/team/5155/ballot
2018-08-27 15:32:58,320 - INFO - 5. 接口方式 : GET
2018-08-27 15:32:58,320 - INFO - 6. 接口头部 : 
2018-08-27 15:32:58,320 - INFO - 7. 接口数据 : {'token': '81e789ab629705fd503cd53cf265149a', 'team_id': '5155', 'mentionable_id': {'code': 0, 'detail': 'Name 已经被使用', 'id': None}, 'mentionable_type': 'Archive'}
2018-08-27 15:32:58,320 - INFO - 8. 接口检查 : 
2018-08-27 15:32:58,321 - INFO - 9. 预期状态 ：
2018-08-27 15:32:58,321 - INFO - 10.接口预期 : 200
2018-08-27 15:32:58,322 - INFO - 11.接口返回 : {
    "details": "Couldn't find Archive with 'id'=id [WHERE \"archives\".\"organization_id\" = $1]",
    "error": "该记录不存在"
}
2018-08-27 15:32:58,322 - ERROR - 返回状态码错误！实际返回状态码为:404
Traceback (most recent call last):
  File "/Users/xiaojingyuan/PycharmProjects/Appium/YunluFramework_API/testcase/SpaceAPI/TestSpaceApi.py", line 175, in test01_api
    assert status_code == api_status
AssertionError

2018-08-27 15:32:58,323 - INFO - ------------------------------------用例结束------------------------------------

2018-08-27 15:32:58,324 - INFO - ------------------------------------用例开始------------------------------------
2018-08-27 15:32:58,324 - INFO - 未执行测试用例编号 : 1_1_3 | 名称 : Document - 公司档-删除

2018-08-27 15:32:58,324 - INFO - ------------------------------------用例结束------------------------------------

2018-08-27 15:32:58,325 - INFO - ****************************************SpaceAPI_Private：结束****************************************

2018-08-27 15:33:18,306 - INFO - ****************************************SpaceAPI_Private：开始****************************************
2018-08-27 15:33:18,309 - INFO - ------------------------------------用例开始------------------------------------
2018-08-27 15:33:18,378 - INFO - 1. 接口编号 : 1_1_1
2018-08-27 15:33:18,378 - INFO - 2. 接口名称 : Document - 公司档-投票-创建
2018-08-27 15:33:18,380 - INFO - 3. 接口描述 : 创建组织的指定公司档的投票。（该接口需要公司档的创建权限）
1. 投票类型：single
2. 投票资源：
Image
2018-08-27 15:33:18,381 - INFO - 4. 接口路由 : /api/v2/team/5155/archives
2018-08-27 15:33:18,381 - INFO - 5. 接口方式 : POST
2018-08-27 15:33:18,381 - INFO - 6. 接口头部 : {'Content-Type': 'application/json'}
2018-08-27 15:33:18,382 - INFO - 7. 接口数据 : {'token': '81e789ab629705fd503cd53cf265149a', 'team_id': '5155', 'name': '测试征集模式投票', 'published': 'true', 'file_ids': [154842], 'type': 'Glory', 'public_options': '10', 'ballot': {'ballot_type': 'single', 'end_of_time': '20180830', 'title': 'xjy测试pk模式', 'mode': 'Collection', 'groups_type': 'Image', 'groups': [{'title': '光谷', 'id': '154842'}], 'balloters_can_comment': False, 'hide_the_balloters': False}}
2018-08-27 15:33:18,382 - INFO - 8. 接口检查 : 
2018-08-27 15:33:18,382 - INFO - 9. 预期状态 ：
2018-08-27 15:33:18,383 - INFO - 10.接口预期 : 201
2018-08-27 15:33:18,383 - INFO - 11.接口返回 : {
    "code": 0,
    "detail": "Name 已经被使用",
    "id": null
}
2018-08-27 15:33:18,384 - ERROR - 返回状态码错误！实际返回状态码为:200
Traceback (most recent call last):
  File "/Users/xiaojingyuan/PycharmProjects/Appium/YunluFramework_API/testcase/SpaceAPI/TestSpaceApi.py", line 175, in test01_api
    assert status_code == api_status
AssertionError

2018-08-27 15:33:18,385 - INFO - ------------------------------------用例结束------------------------------------

2018-08-27 15:33:18,386 - INFO - ------------------------------------用例开始------------------------------------
2018-08-27 15:33:18,435 - INFO - 1. 接口编号 : 1_1_2
2018-08-27 15:33:18,436 - INFO - 2. 接口名称 : Document - 公司档-投票-获取
2018-08-27 15:33:18,437 - INFO - 3. 接口描述 : 获取指定组织的指定公司档的投票。（该接口需要公司档的阅读权限）
2018-08-27 15:33:18,438 - INFO - 4. 接口路由 : /api/v2/team/5155/ballot
2018-08-27 15:33:18,439 - INFO - 5. 接口方式 : GET
2018-08-27 15:33:18,439 - INFO - 6. 接口头部 : 
2018-08-27 15:33:18,439 - INFO - 7. 接口数据 : {'token': '81e789ab629705fd503cd53cf265149a', 'team_id': '5155', 'mentionable_id': {'code': 0, 'detail': 'Name 已经被使用', 'id': None}, 'mentionable_type': 'Archive'}
2018-08-27 15:33:18,440 - INFO - 8. 接口检查 : 
2018-08-27 15:33:18,440 - INFO - 9. 预期状态 ：
2018-08-27 15:33:18,440 - INFO - 10.接口预期 : 200
2018-08-27 15:33:18,440 - INFO - 11.接口返回 : {
    "details": "Couldn't find Archive with 'id'=id [WHERE \"archives\".\"organization_id\" = $1]",
    "error": "该记录不存在"
}
2018-08-27 15:33:18,441 - ERROR - 返回状态码错误！实际返回状态码为:404
Traceback (most recent call last):
  File "/Users/xiaojingyuan/PycharmProjects/Appium/YunluFramework_API/testcase/SpaceAPI/TestSpaceApi.py", line 175, in test01_api
    assert status_code == api_status
AssertionError

2018-08-27 15:33:18,442 - INFO - ------------------------------------用例结束------------------------------------

2018-08-27 15:33:18,442 - INFO - ------------------------------------用例开始------------------------------------
2018-08-27 15:33:18,442 - INFO - 未执行测试用例编号 : 1_1_3 | 名称 : Document - 公司档-删除

2018-08-27 15:33:18,443 - INFO - ------------------------------------用例结束------------------------------------

2018-08-27 15:33:18,443 - INFO - ****************************************SpaceAPI_Private：结束****************************************

2018-08-27 15:33:26,975 - INFO - ****************************************SpaceAPI_Private：开始****************************************
2018-08-27 15:33:26,976 - INFO - ------------------------------------用例开始------------------------------------
2018-08-27 15:33:27,040 - INFO - 1. 接口编号 : 1_1_1
2018-08-27 15:33:27,041 - INFO - 2. 接口名称 : Document - 公司档-投票-创建
2018-08-27 15:33:27,043 - INFO - 3. 接口描述 : 创建组织的指定公司档的投票。（该接口需要公司档的创建权限）
1. 投票类型：single
2. 投票资源：
Image
2018-08-27 15:33:27,043 - INFO - 4. 接口路由 : /api/v2/team/5155/archives
2018-08-27 15:33:27,043 - INFO - 5. 接口方式 : POST
2018-08-27 15:33:27,044 - INFO - 6. 接口头部 : {'Content-Type': 'application/json'}
2018-08-27 15:33:27,044 - INFO - 7. 接口数据 : {'token': '81e789ab629705fd503cd53cf265149a', 'team_id': '5155', 'name': '测试征集模式投票', 'published': 'true', 'file_ids': [154842], 'type': 'Glory', 'public_options': '10', 'ballot': {'ballot_type': 'single', 'end_of_time': '20180830', 'title': 'xjy测试pk模式', 'mode': 'Collection', 'groups_type': 'Image', 'groups': [{'title': '光谷', 'id': '154842'}], 'balloters_can_comment': False, 'hide_the_balloters': False}}
2018-08-27 15:33:27,045 - INFO - 8. 接口检查 : 
2018-08-27 15:33:27,045 - INFO - 9. 预期状态 ：
2018-08-27 15:33:27,045 - INFO - 10.接口预期 : 201
2018-08-27 15:33:27,046 - INFO - 11.接口返回 : {
    "code": 0,
    "detail": "Name 已经被使用",
    "id": null
}
2018-08-27 15:33:27,047 - ERROR - 返回状态码错误！实际返回状态码为:200
Traceback (most recent call last):
  File "/Users/xiaojingyuan/PycharmProjects/Appium/YunluFramework_API/testcase/SpaceAPI/TestSpaceApi.py", line 175, in test01_api
    assert status_code == api_status
AssertionError

2018-08-27 15:33:27,048 - INFO - ------------------------------------用例结束------------------------------------

2018-08-27 15:33:27,048 - INFO - ------------------------------------用例开始------------------------------------
2018-08-27 15:33:27,090 - INFO - 1. 接口编号 : 1_1_2
2018-08-27 15:33:27,091 - INFO - 2. 接口名称 : Document - 公司档-投票-获取
2018-08-27 15:33:27,093 - INFO - 3. 接口描述 : 获取指定组织的指定公司档的投票。（该接口需要公司档的阅读权限）
2018-08-27 15:33:27,093 - INFO - 4. 接口路由 : /api/v2/team/5155/ballot
2018-08-27 15:33:27,094 - INFO - 5. 接口方式 : GET
2018-08-27 15:33:27,095 - INFO - 6. 接口头部 : 
2018-08-27 15:33:27,095 - INFO - 7. 接口数据 : {'token': '81e789ab629705fd503cd53cf265149a', 'team_id': '5155', 'mentionable_id': {'code': 0, 'detail': 'Name 已经被使用', 'id': None}, 'mentionable_type': 'Archive'}
2018-08-27 15:33:27,095 - INFO - 8. 接口检查 : 
2018-08-27 15:33:27,096 - INFO - 9. 预期状态 ：
2018-08-27 15:33:27,096 - INFO - 10.接口预期 : 200
2018-08-27 15:33:27,096 - INFO - 11.接口返回 : {
    "details": "Couldn't find Archive with 'id'=id [WHERE \"archives\".\"organization_id\" = $1]",
    "error": "该记录不存在"
}
2018-08-27 15:33:27,097 - ERROR - 返回状态码错误！实际返回状态码为:404
Traceback (most recent call last):
  File "/Users/xiaojingyuan/PycharmProjects/Appium/YunluFramework_API/testcase/SpaceAPI/TestSpaceApi.py", line 175, in test01_api
    assert status_code == api_status
AssertionError

2018-08-27 15:33:27,098 - INFO - ------------------------------------用例结束------------------------------------

2018-08-27 15:33:27,098 - INFO - ------------------------------------用例开始------------------------------------
2018-08-27 15:33:27,099 - INFO - 未执行测试用例编号 : 1_1_3 | 名称 : Document - 公司档-删除

2018-08-27 15:33:27,099 - INFO - ------------------------------------用例结束------------------------------------

2018-08-27 15:33:27,099 - INFO - ****************************************SpaceAPI_Private：结束****************************************

2018-08-27 15:34:01,362 - INFO - ****************************************SpaceAPI_Private：开始****************************************
2018-08-27 15:34:01,364 - INFO - ------------------------------------用例开始------------------------------------
2018-08-27 15:34:01,409 - INFO - 1. 接口编号 : 1_1_1
2018-08-27 15:34:01,410 - INFO - 2. 接口名称 : Document - 公司档-投票-创建
2018-08-27 15:34:01,411 - INFO - 3. 接口描述 : 创建组织的指定公司档的投票。（该接口需要公司档的创建权限）
1. 投票类型：single
2. 投票资源：
Image
2018-08-27 15:34:01,412 - INFO - 4. 接口路由 : /api/v2/team/5155/archives
2018-08-27 15:34:01,412 - INFO - 5. 接口方式 : POST
2018-08-27 15:34:01,412 - INFO - 6. 接口头部 : {'Content-Type': 'application/json'}
2018-08-27 15:34:01,413 - INFO - 7. 接口数据 : {'token': '81e789ab629705fd503cd53cf265149a', 'team_id': '5155', 'name': '测试PK投票模式', 'published': 'true', 'file_ids': [154842], 'type': 'Glory', 'public_options': '10', 'ballot': {'ballot_type': 'single', 'end_of_time': '20180830', 'title': 'xjy测试pk模式', 'mode': 'PK', 'groups_type': 'Image', 'groups': [{'title': '光谷', 'id': '154842'}], 'balloters_can_comment': False, 'hide_the_balloters': False}}
2018-08-27 15:34:01,413 - INFO - 8. 接口检查 : 
2018-08-27 15:34:01,413 - INFO - 9. 预期状态 ：
2018-08-27 15:34:01,414 - INFO - 10.接口预期 : 201
2018-08-27 15:34:01,414 - INFO - 11.接口返回 : {
    "details": "ballot[mode] 不允许为该值",
    "error": "请求参数校验失败"
}
2018-08-27 15:34:01,415 - ERROR - 返回状态码错误！实际返回状态码为:401
Traceback (most recent call last):
  File "/Users/xiaojingyuan/PycharmProjects/Appium/YunluFramework_API/testcase/SpaceAPI/TestSpaceApi.py", line 175, in test01_api
    assert status_code == api_status
AssertionError

2018-08-27 15:34:01,416 - INFO - ------------------------------------用例结束------------------------------------

2018-08-27 15:34:01,416 - INFO - ------------------------------------用例开始------------------------------------
2018-08-27 15:34:01,463 - INFO - 1. 接口编号 : 1_1_2
2018-08-27 15:34:01,464 - INFO - 2. 接口名称 : Document - 公司档-投票-获取
2018-08-27 15:34:01,465 - INFO - 3. 接口描述 : 获取指定组织的指定公司档的投票。（该接口需要公司档的阅读权限）
2018-08-27 15:34:01,466 - INFO - 4. 接口路由 : /api/v2/team/5155/ballot
2018-08-27 15:34:01,466 - INFO - 5. 接口方式 : GET
2018-08-27 15:34:01,466 - INFO - 6. 接口头部 : 
2018-08-27 15:34:01,467 - INFO - 7. 接口数据 : {'token': '81e789ab629705fd503cd53cf265149a', 'team_id': '5155', 'mentionable_id': {'details': 'ballot[mode] 不允许为该值', 'error': '请求参数校验失败'}, 'mentionable_type': 'Archive'}
2018-08-27 15:34:01,467 - INFO - 8. 接口检查 : 
2018-08-27 15:34:01,467 - INFO - 9. 预期状态 ：
2018-08-27 15:34:01,468 - INFO - 10.接口预期 : 200
2018-08-27 15:34:01,468 - INFO - 11.接口返回 : {
    "details": "Couldn't find Archive with 'id'=error [WHERE \"archives\".\"organization_id\" = $1]",
    "error": "该记录不存在"
}
2018-08-27 15:34:01,469 - ERROR - 返回状态码错误！实际返回状态码为:404
Traceback (most recent call last):
  File "/Users/xiaojingyuan/PycharmProjects/Appium/YunluFramework_API/testcase/SpaceAPI/TestSpaceApi.py", line 175, in test01_api
    assert status_code == api_status
AssertionError

2018-08-27 15:34:01,470 - INFO - ------------------------------------用例结束------------------------------------

2018-08-27 15:34:01,470 - INFO - ------------------------------------用例开始------------------------------------
2018-08-27 15:34:01,471 - INFO - 未执行测试用例编号 : 1_1_3 | 名称 : Document - 公司档-删除

2018-08-27 15:34:01,471 - INFO - ------------------------------------用例结束------------------------------------

2018-08-27 15:34:01,471 - INFO - ****************************************SpaceAPI_Private：结束****************************************

2018-08-27 15:34:18,756 - INFO - ****************************************SpaceAPI_Private：开始****************************************
2018-08-27 15:34:18,758 - INFO - ------------------------------------用例开始------------------------------------
2018-08-27 15:34:19,194 - INFO - 1. 接口编号 : 1_1_1
2018-08-27 15:34:19,195 - INFO - 2. 接口名称 : Document - 公司档-投票-创建
2018-08-27 15:34:19,197 - INFO - 3. 接口描述 : 创建组织的指定公司档的投票。（该接口需要公司档的创建权限）
1. 投票类型：single
2. 投票资源：
Image
2018-08-27 15:34:19,197 - INFO - 4. 接口路由 : /api/v2/team/5155/archives
2018-08-27 15:34:19,198 - INFO - 5. 接口方式 : POST
2018-08-27 15:34:19,198 - INFO - 6. 接口头部 : {'Content-Type': 'application/json'}
2018-08-27 15:34:19,198 - INFO - 7. 接口数据 : {'token': '81e789ab629705fd503cd53cf265149a', 'team_id': '5155', 'name': '测试PK投票模式', 'published': 'true', 'file_ids': [154842], 'type': 'Glory', 'public_options': '10', 'ballot': {'ballot_type': 'single', 'end_of_time': '20180830', 'title': 'xjy测试pk模式', 'mode': 'Collection', 'groups_type': 'Image', 'groups': [{'title': '光谷', 'id': '154842'}], 'balloters_can_comment': False, 'hide_the_balloters': False}}
2018-08-27 15:34:19,199 - INFO - 8. 接口检查 : 
2018-08-27 15:34:19,199 - INFO - 9. 预期状态 ：
2018-08-27 15:34:19,199 - INFO - 10.接口预期 : 201
2018-08-27 15:34:19,200 - INFO - 11.接口返回 : {
    "archive": {
        "created_at": "2018-08-27 15:34",
        "editor": {
            "avatar_url": "http://imgpub.yunlu6.com/FrtEVqsa6AaQRikUimD0H1EBufzI-thumb",
            "home_name": "萌太奇板板板",
            "id": "194820ce-782b-4330-ac62-77a36763cd43",
            "name": "肖静远"
        },
        "favorites": 0,
        "files": [
            {
                "archive_id": 6454,
                "content": null,
                "created_at": "2018-08-27 15:34",
                "file_id": 154842,
                "id": 6068,
                "name": null,
                "position": 1,
                "size": {
                    "height": "640",
                    "width": "640"
                },
                "thumb_urls": "http://imgpub.yunlu6.com/Fs-NV3ziLs8PrWYXLB-gWz2TngIQ.jpg-general",
                "time_sec": 1535355258
            }
        ],
        "group_id": null,
        "group_type": "Glory",
        "id": 6454,
        "inside_state": "published",
        "interactions_summary": {
            "favorite_sum": 0,
            "follow_sum": 0,
            "shared_sum": 0,
            "visit_sum": 0,
            "vote_sum": 0
        },
        "name": "测试PK投票模式",
        "organization": {
            "company": "测试空间123",
            "id": 5155,
            "logo": "https://www.yunlu6.com/assets/blank.jpg",
            "name": "测试空间123简称",
            "service": {
                "aliaz": "stone_factory",
                "id": 12,
                "name": "工厂",
                "vocation": {
                    "aliaz": "stone",
                    "id": 1,
                    "name": "石制品",
                    "position": 0,
                    "state": "published"
                }
            }
        },
        "public_options": "10",
        "state": "published",
        "time_sec": 1535355258,
        "updated_at": "2018-08-27 15:34:18",
        "viewers": [],
        "visit": 0
    }
}
2018-08-27 15:34:19,200 - INFO - ------------------------------------用例结束------------------------------------

2018-08-27 15:34:19,201 - INFO - ------------------------------------用例开始------------------------------------
2018-08-27 15:34:19,297 - INFO - 1. 接口编号 : 1_1_2
2018-08-27 15:34:19,297 - INFO - 2. 接口名称 : Document - 公司档-投票-获取
2018-08-27 15:34:19,300 - INFO - 3. 接口描述 : 获取指定组织的指定公司档的投票。（该接口需要公司档的阅读权限）
2018-08-27 15:34:19,300 - INFO - 4. 接口路由 : /api/v2/team/5155/ballot
2018-08-27 15:34:19,300 - INFO - 5. 接口方式 : GET
2018-08-27 15:34:19,301 - INFO - 6. 接口头部 : 
2018-08-27 15:34:19,301 - INFO - 7. 接口数据 : {'token': '81e789ab629705fd503cd53cf265149a', 'team_id': '5155', 'mentionable_id': 6454, 'mentionable_type': 'Archive'}
2018-08-27 15:34:19,301 - INFO - 8. 接口检查 : 
2018-08-27 15:34:19,302 - INFO - 9. 预期状态 ：
2018-08-27 15:34:19,302 - INFO - 10.接口预期 : 200
2018-08-27 15:34:19,302 - INFO - 11.接口返回 : {
    "ballot": {
        "ballot_statistics": {
            "balloted_number": 0,
            "can_ballot": true,
            "unballoted_number": 1
        },
        "ballot_type": "single",
        "balloters_can_comment": false,
        "can_canvassing": true,
        "can_visiting_participotors": true,
        "created_at": "2018-08-27 15:34",
        "creator": {
            "home_name": "萌太奇板板板",
            "id": "194820ce-782b-4330-ac62-77a36763cd43"
        },
        "end_of_time": "2018-08-30 00:00",
        "hide_the_balloters": false,
        "id": 696,
        "list_mentionable_type": "Image",
        "lists": [
            {
                "ballot_participators_count": null,
                "created_at": "2018-08-27 15:34",
                "creator": {
                    "avatar_url": "http://imgpub.yunlu6.com/FrtEVqsa6AaQRikUimD0H1EBufzI-thumb",
                    "home_name": "萌太奇板板板",
                    "id": "194820ce-782b-4330-ac62-77a36763cd43"
                },
                "current_user_balloted": false,
                "description": null,
                "id": 2126,
                "mentioned_image": {
                    "album_id": 18510,
                    "booth_url": "http://imgpub.yunlu6.com/Fs-NV3ziLs8PrWYXLB-gWz2TngIQ.jpg-booth",
                    "cluster_type_id": null,
                    "created_at": "2018-08-07 14:05",
                    "creator": "肖静远",
                    "description": "1533621933286104",
                    "gallery_class_id": null,
                    "gallery_clazz": "document",
                    "id": 154842,
                    "mobile": "13027104206",
                    "name": null,
                    "names": [],
                    "position": 3,
                    "remark": "",
                    "state": "putaway",
                    "thumb_url": "http://imgpub.yunlu6.com/Fs-NV3ziLs8PrWYXLB-gWz2TngIQ.jpg-general",
                    "time_sec": 1533621932,
                    "url": "http://imgpub.yunlu6.com/Fs-NV3ziLs8PrWYXLB-gWz2TngIQ.jpg"
                },
                "state": "agreed",
                "time_sec": 1535355258,
                "title": "光谷"
            }
        ],
        "mentioned_archive": {
            "created_at": "2018-08-27 15:34",
            "editor": {
                "avatar_url": "http://imgpub.yunlu6.com/FrtEVqsa6AaQRikUimD0H1EBufzI-thumb",
                "home_name": "萌太奇板板板",
                "id": "194820ce-782b-4330-ac62-77a36763cd43",
                "name": "肖静远"
            },
            "favorites": 0,
            "files": [
                {
                    "archive_id": 6454,
                    "content": null,
                    "created_at": "2018-08-27 15:34",
                    "file_id": 154842,
                    "id": 6068,
                    "name": null,
                    "position": 1,
                    "size": {
                        "height": "640",
                        "width": "640"
                    },
                    "thumb_urls": "http://imgpub.yunlu6.com/Fs-NV3ziLs8PrWYXLB-gWz2TngIQ.jpg",
                    "time_sec": 1535355258
                }
            ],
            "group_id": null,
            "group_type": "Glory",
            "id": 6454,
            "inside_state": "published",
            "interactions_summary": {
                "favorite_sum": 0,
                "follow_sum": 0,
                "shared_sum": 0,
                "visit_sum": 0,
                "vote_sum": 0
            },
            "name": "测试PK投票模式",
            "organization": {
                "company": "测试空间123",
                "id": 5155,
                "logo": "https://www.yunlu6.com/assets/blank.jpg",
                "name": "测试空间123简称",
                "service": {
                    "aliaz": "stone_factory",
                    "id": 12,
                    "name": "工厂",
                    "vocation": {
                        "aliaz": "stone",
                        "id": 1,
                        "name": "石制品",
                        "position": 0,
                        "state": "published"
                    }
                }
            },
            "organization_id": 5155,
            "public_options": "10",
            "state": "published",
            "time_sec": 1535355258,
            "updated_at": "2018-08-27 15:34:18",
            "viewers": [],
            "visit": 0
        },
        "mode": {
            "alias": "Collection",
            "name": "征集",
            "participator_number_limit": null,
            "state": "opened"
        },
        "optional_limit": 1,
        "participators_count": 0,
        "state": "opened",
        "time_sec": 1535355258,
        "title": "xjy测试pk模式"
    }
}
2018-08-27 15:34:19,303 - INFO - ------------------------------------用例结束------------------------------------

2018-08-27 15:34:19,303 - INFO - ------------------------------------用例开始------------------------------------
2018-08-27 15:34:19,303 - INFO - 未执行测试用例编号 : 1_1_3 | 名称 : Document - 公司档-删除

2018-08-27 15:34:19,304 - INFO - ------------------------------------用例结束------------------------------------

2018-08-27 15:34:19,304 - INFO - ****************************************SpaceAPI_Private：结束****************************************

2018-08-27 15:35:41,177 - INFO - ****************************************SpaceAPI_Private：开始****************************************
2018-08-27 15:35:41,180 - INFO - ------------------------------------用例开始------------------------------------
2018-08-27 15:35:41,229 - INFO - 1. 接口编号 : 1_1_1
2018-08-27 15:35:41,229 - INFO - 2. 接口名称 : Document - 公司档-投票-创建
2018-08-27 15:35:41,231 - INFO - 3. 接口描述 : 创建组织的指定公司档的投票。（该接口需要公司档的创建权限）
1. 投票类型：single
2. 投票资源：
Image
2018-08-27 15:35:41,232 - INFO - 4. 接口路由 : /api/v2/team/5155/archives
2018-08-27 15:35:41,232 - INFO - 5. 接口方式 : POST
2018-08-27 15:35:41,232 - INFO - 6. 接口头部 : {'Content-Type': 'application/json'}
2018-08-27 15:35:41,233 - INFO - 7. 接口数据 : {'token': '81e789ab629705fd503cd53cf265149a', 'team_id': '5155', 'name': '测试PK投票模式', 'published': 'true', 'file_ids': [154842], 'type': 'Glory', 'public_options': '10', 'ballot': {'ballot_type': 'single', 'end_of_time': '20180830', 'title': 'xjy测试pk模式', 'mode': 'PK', 'groups_type': 'Image', 'groups': [{'title': '光谷', 'id': '154842'}], 'balloters_can_comment': False, 'hide_the_balloters': False}}
2018-08-27 15:35:41,234 - INFO - 8. 接口检查 : 
2018-08-27 15:35:41,234 - INFO - 9. 预期状态 ：
2018-08-27 15:35:41,234 - INFO - 10.接口预期 : 201
2018-08-27 15:35:41,234 - INFO - 11.接口返回 : {
    "details": "ballot[mode] 不允许为该值",
    "error": "请求参数校验失败"
}
2018-08-27 15:35:41,235 - ERROR - 返回状态码错误！实际返回状态码为:401
Traceback (most recent call last):
  File "/Users/xiaojingyuan/PycharmProjects/Appium/YunluFramework_API/testcase/SpaceAPI/TestSpaceApi.py", line 175, in test01_api
    assert status_code == api_status
AssertionError

2018-08-27 15:35:41,236 - INFO - ------------------------------------用例结束------------------------------------

2018-08-27 15:35:41,237 - INFO - ------------------------------------用例开始------------------------------------
2018-08-27 15:35:41,282 - INFO - 1. 接口编号 : 1_1_2
2018-08-27 15:35:41,282 - INFO - 2. 接口名称 : Document - 公司档-投票-获取
2018-08-27 15:35:41,284 - INFO - 3. 接口描述 : 获取指定组织的指定公司档的投票。（该接口需要公司档的阅读权限）
2018-08-27 15:35:41,285 - INFO - 4. 接口路由 : /api/v2/team/5155/ballot
2018-08-27 15:35:41,285 - INFO - 5. 接口方式 : GET
2018-08-27 15:35:41,285 - INFO - 6. 接口头部 : 
2018-08-27 15:35:41,286 - INFO - 7. 接口数据 : {'token': '81e789ab629705fd503cd53cf265149a', 'team_id': '5155', 'mentionable_id': {'details': 'ballot[mode] 不允许为该值', 'error': '请求参数校验失败'}, 'mentionable_type': 'Archive'}
2018-08-27 15:35:41,286 - INFO - 8. 接口检查 : 
2018-08-27 15:35:41,286 - INFO - 9. 预期状态 ：
2018-08-27 15:35:41,287 - INFO - 10.接口预期 : 200
2018-08-27 15:35:41,287 - INFO - 11.接口返回 : {
    "details": "Couldn't find Archive with 'id'=error [WHERE \"archives\".\"organization_id\" = $1]",
    "error": "该记录不存在"
}
2018-08-27 15:35:41,288 - ERROR - 返回状态码错误！实际返回状态码为:404
Traceback (most recent call last):
  File "/Users/xiaojingyuan/PycharmProjects/Appium/YunluFramework_API/testcase/SpaceAPI/TestSpaceApi.py", line 175, in test01_api
    assert status_code == api_status
AssertionError

2018-08-27 15:35:41,289 - INFO - ------------------------------------用例结束------------------------------------

2018-08-27 15:35:41,289 - INFO - ------------------------------------用例开始------------------------------------
2018-08-27 15:35:41,290 - INFO - 未执行测试用例编号 : 1_1_3 | 名称 : Document - 公司档-删除

2018-08-27 15:35:41,290 - INFO - ------------------------------------用例结束------------------------------------

2018-08-27 15:35:41,291 - INFO - ****************************************SpaceAPI_Private：结束****************************************

2018-08-27 15:36:19,086 - INFO - ****************************************SpaceAPI_Private：开始****************************************
2018-08-27 15:36:19,090 - INFO - ------------------------------------用例开始------------------------------------
2018-08-27 15:36:19,140 - INFO - 1. 接口编号 : 1_1_1
2018-08-27 15:36:19,141 - INFO - 2. 接口名称 : Document - 公司档-投票-创建
2018-08-27 15:36:19,143 - INFO - 3. 接口描述 : 创建组织的指定公司档的投票。（该接口需要公司档的创建权限）
1. 投票类型：single
2. 投票资源：
Image
2018-08-27 15:36:19,143 - INFO - 4. 接口路由 : /api/v2/team/5155/archives
2018-08-27 15:36:19,143 - INFO - 5. 接口方式 : POST
2018-08-27 15:36:19,144 - INFO - 6. 接口头部 : {'Content-Type': 'application/json'}
2018-08-27 15:36:19,144 - INFO - 7. 接口数据 : {'token': '81e789ab629705fd503cd53cf265149a', 'team_id': '5155', 'name': '测试PK投票模式', 'published': 'true', 'file_ids': [154842], 'type': 'Glory', 'public_options': '10', 'ballot': {'ballot_type': 'single', 'end_of_time': '20180830', 'title': 'xjy测试pk模式', 'mode': 'Pk', 'groups_type': 'Image', 'groups': [{'title': '光谷', 'id': '154842'}], 'balloters_can_comment': False, 'hide_the_balloters': False}}
2018-08-27 15:36:19,145 - INFO - 8. 接口检查 : 
2018-08-27 15:36:19,145 - INFO - 9. 预期状态 ：
2018-08-27 15:36:19,145 - INFO - 10.接口预期 : 201
2018-08-27 15:36:19,146 - INFO - 11.接口返回 : {
    "details": "ballot[participator_number_limit] 参数缺失",
    "error": "请求参数校验失败"
}
2018-08-27 15:36:19,147 - ERROR - 返回状态码错误！实际返回状态码为:401
Traceback (most recent call last):
  File "/Users/xiaojingyuan/PycharmProjects/Appium/YunluFramework_API/testcase/SpaceAPI/TestSpaceApi.py", line 175, in test01_api
    assert status_code == api_status
AssertionError

2018-08-27 15:36:19,148 - INFO - ------------------------------------用例结束------------------------------------

2018-08-27 15:36:19,148 - INFO - ------------------------------------用例开始------------------------------------
2018-08-27 15:36:19,194 - INFO - 1. 接口编号 : 1_1_2
2018-08-27 15:36:19,195 - INFO - 2. 接口名称 : Document - 公司档-投票-获取
2018-08-27 15:36:19,196 - INFO - 3. 接口描述 : 获取指定组织的指定公司档的投票。（该接口需要公司档的阅读权限）
2018-08-27 15:36:19,196 - INFO - 4. 接口路由 : /api/v2/team/5155/ballot
2018-08-27 15:36:19,197 - INFO - 5. 接口方式 : GET
2018-08-27 15:36:19,197 - INFO - 6. 接口头部 : 
2018-08-27 15:36:19,198 - INFO - 7. 接口数据 : {'token': '81e789ab629705fd503cd53cf265149a', 'team_id': '5155', 'mentionable_id': {'details': 'ballot[participator_number_limit] 参数缺失', 'error': '请求参数校验失败'}, 'mentionable_type': 'Archive'}
2018-08-27 15:36:19,198 - INFO - 8. 接口检查 : 
2018-08-27 15:36:19,199 - INFO - 9. 预期状态 ：
2018-08-27 15:36:19,199 - INFO - 10.接口预期 : 200
2018-08-27 15:36:19,199 - INFO - 11.接口返回 : {
    "details": "Couldn't find Archive with 'id'=error [WHERE \"archives\".\"organization_id\" = $1]",
    "error": "该记录不存在"
}
2018-08-27 15:36:19,200 - ERROR - 返回状态码错误！实际返回状态码为:404
Traceback (most recent call last):
  File "/Users/xiaojingyuan/PycharmProjects/Appium/YunluFramework_API/testcase/SpaceAPI/TestSpaceApi.py", line 175, in test01_api
    assert status_code == api_status
AssertionError

2018-08-27 15:36:19,201 - INFO - ------------------------------------用例结束------------------------------------

2018-08-27 15:36:19,201 - INFO - ------------------------------------用例开始------------------------------------
2018-08-27 15:36:19,201 - INFO - 未执行测试用例编号 : 1_1_3 | 名称 : Document - 公司档-删除

2018-08-27 15:36:19,202 - INFO - ------------------------------------用例结束------------------------------------

2018-08-27 15:36:19,202 - INFO - ****************************************SpaceAPI_Private：结束****************************************

2018-08-27 15:37:13,235 - INFO - ****************************************SpaceAPI_Private：开始****************************************
2018-08-27 15:37:13,238 - INFO - ------------------------------------用例开始------------------------------------
2018-08-27 15:37:13,582 - INFO - 1. 接口编号 : 1_1_1
2018-08-27 15:37:13,582 - INFO - 2. 接口名称 : Document - 公司档-投票-创建
2018-08-27 15:37:13,584 - INFO - 3. 接口描述 : 创建组织的指定公司档的投票。（该接口需要公司档的创建权限）
1. 投票类型：single
2. 投票资源：
Image
2018-08-27 15:37:13,584 - INFO - 4. 接口路由 : /api/v2/team/5155/archives
2018-08-27 15:37:13,585 - INFO - 5. 接口方式 : POST
2018-08-27 15:37:13,585 - INFO - 6. 接口头部 : {'Content-Type': 'application/json'}
2018-08-27 15:37:13,585 - INFO - 7. 接口数据 : {'token': '81e789ab629705fd503cd53cf265149a', 'team_id': '5155', 'name': '测试PK投票模式', 'published': 'true', 'file_ids': [154842], 'type': 'Glory', 'public_options': '10', 'ballot': {'ballot_type': 'single', 'end_of_time': '20180830', 'title': 'xjy测试pk模式', 'mode': 'Pk', 'participator_number_limit': 2, 'groups_type': 'Image', 'groups': [{'title': '光谷', 'id': '154842'}], 'balloters_can_comment': False, 'hide_the_balloters': False}}
2018-08-27 15:37:13,586 - INFO - 8. 接口检查 : 
2018-08-27 15:37:13,586 - INFO - 9. 预期状态 ：
2018-08-27 15:37:13,586 - INFO - 10.接口预期 : 201
2018-08-27 15:37:13,587 - INFO - 11.接口返回 : {
    "archive": {
        "created_at": "2018-08-27 15:37",
        "editor": {
            "avatar_url": "http://imgpub.yunlu6.com/FrtEVqsa6AaQRikUimD0H1EBufzI-thumb",
            "home_name": "萌太奇板板板",
            "id": "194820ce-782b-4330-ac62-77a36763cd43",
            "name": "肖静远"
        },
        "favorites": 0,
        "files": [
            {
                "archive_id": 6455,
                "content": null,
                "created_at": "2018-08-27 15:37",
                "file_id": 154842,
                "id": 6069,
                "name": null,
                "position": 1,
                "size": {
                    "height": "640",
                    "width": "640"
                },
                "thumb_urls": "http://imgpub.yunlu6.com/Fs-NV3ziLs8PrWYXLB-gWz2TngIQ.jpg-general",
                "time_sec": 1535355433
            }
        ],
        "group_id": null,
        "group_type": "Glory",
        "id": 6455,
        "inside_state": "published",
        "interactions_summary": {
            "favorite_sum": 0,
            "follow_sum": 0,
            "shared_sum": 0,
            "visit_sum": 0,
            "vote_sum": 0
        },
        "name": "测试PK投票模式",
        "organization": {
            "company": "测试空间123",
            "id": 5155,
            "logo": "https://www.yunlu6.com/assets/blank.jpg",
            "name": "测试空间123简称",
            "service": {
                "aliaz": "stone_factory",
                "id": 12,
                "name": "工厂",
                "vocation": {
                    "aliaz": "stone",
                    "id": 1,
                    "name": "石制品",
                    "position": 0,
                    "state": "published"
                }
            }
        },
        "public_options": "10",
        "state": "published",
        "time_sec": 1535355433,
        "updated_at": "2018-08-27 15:37:13",
        "viewers": [],
        "visit": 0
    }
}
2018-08-27 15:37:13,587 - INFO - ------------------------------------用例结束------------------------------------

2018-08-27 15:37:13,587 - INFO - ------------------------------------用例开始------------------------------------
2018-08-27 15:37:13,679 - INFO - 1. 接口编号 : 1_1_2
2018-08-27 15:37:13,679 - INFO - 2. 接口名称 : Document - 公司档-投票-获取
2018-08-27 15:37:13,681 - INFO - 3. 接口描述 : 获取指定组织的指定公司档的投票。（该接口需要公司档的阅读权限）
2018-08-27 15:37:13,682 - INFO - 4. 接口路由 : /api/v2/team/5155/ballot
2018-08-27 15:37:13,682 - INFO - 5. 接口方式 : GET
2018-08-27 15:37:13,682 - INFO - 6. 接口头部 : 
2018-08-27 15:37:13,683 - INFO - 7. 接口数据 : {'token': '81e789ab629705fd503cd53cf265149a', 'team_id': '5155', 'mentionable_id': 6455, 'mentionable_type': 'Archive'}
2018-08-27 15:37:13,683 - INFO - 8. 接口检查 : 
2018-08-27 15:37:13,683 - INFO - 9. 预期状态 ：
2018-08-27 15:37:13,684 - INFO - 10.接口预期 : 200
2018-08-27 15:37:13,684 - INFO - 11.接口返回 : {
    "ballot": {
        "ballot_statistics": {
            "balloted_number": 0,
            "can_ballot": true,
            "unballoted_number": 1
        },
        "ballot_type": "single",
        "balloters_can_comment": false,
        "can_canvassing": true,
        "can_visiting_participotors": true,
        "created_at": "2018-08-27 15:37",
        "creator": {
            "home_name": "萌太奇板板板",
            "id": "194820ce-782b-4330-ac62-77a36763cd43"
        },
        "end_of_time": "2018-08-30 00:00",
        "hide_the_balloters": false,
        "id": 697,
        "list_mentionable_type": "Image",
        "lists": [
            {
                "ballot_participators_count": null,
                "created_at": "2018-08-27 15:37",
                "creator": {
                    "avatar_url": "http://imgpub.yunlu6.com/FrtEVqsa6AaQRikUimD0H1EBufzI-thumb",
                    "home_name": "萌太奇板板板",
                    "id": "194820ce-782b-4330-ac62-77a36763cd43"
                },
                "current_user_balloted": false,
                "description": null,
                "id": 2127,
                "mentioned_image": {
                    "album_id": 18510,
                    "booth_url": "http://imgpub.yunlu6.com/Fs-NV3ziLs8PrWYXLB-gWz2TngIQ.jpg-booth",
                    "cluster_type_id": null,
                    "created_at": "2018-08-07 14:05",
                    "creator": "肖静远",
                    "description": "1533621933286104",
                    "gallery_class_id": null,
                    "gallery_clazz": "document",
                    "id": 154842,
                    "mobile": "13027104206",
                    "name": null,
                    "names": [],
                    "position": 3,
                    "remark": "",
                    "state": "putaway",
                    "thumb_url": "http://imgpub.yunlu6.com/Fs-NV3ziLs8PrWYXLB-gWz2TngIQ.jpg-general",
                    "time_sec": 1533621932,
                    "url": "http://imgpub.yunlu6.com/Fs-NV3ziLs8PrWYXLB-gWz2TngIQ.jpg"
                },
                "state": "agreed",
                "time_sec": 1535355433,
                "title": "光谷"
            }
        ],
        "mentioned_archive": {
            "created_at": "2018-08-27 15:37",
            "editor": {
                "avatar_url": "http://imgpub.yunlu6.com/FrtEVqsa6AaQRikUimD0H1EBufzI-thumb",
                "home_name": "萌太奇板板板",
                "id": "194820ce-782b-4330-ac62-77a36763cd43",
                "name": "肖静远"
            },
            "favorites": 0,
            "files": [
                {
                    "archive_id": 6455,
                    "content": null,
                    "created_at": "2018-08-27 15:37",
                    "file_id": 154842,
                    "id": 6069,
                    "name": null,
                    "position": 1,
                    "size": {
                        "height": "640",
                        "width": "640"
                    },
                    "thumb_urls": "http://imgpub.yunlu6.com/Fs-NV3ziLs8PrWYXLB-gWz2TngIQ.jpg",
                    "time_sec": 1535355433
                }
            ],
            "group_id": null,
            "group_type": "Glory",
            "id": 6455,
            "inside_state": "published",
            "interactions_summary": {
                "favorite_sum": 0,
                "follow_sum": 0,
                "shared_sum": 0,
                "visit_sum": 0,
                "vote_sum": 0
            },
            "name": "测试PK投票模式",
            "organization": {
                "company": "测试空间123",
                "id": 5155,
                "logo": "https://www.yunlu6.com/assets/blank.jpg",
                "name": "测试空间123简称",
                "service": {
                    "aliaz": "stone_factory",
                    "id": 12,
                    "name": "工厂",
                    "vocation": {
                        "aliaz": "stone",
                        "id": 1,
                        "name": "石制品",
                        "position": 0,
                        "state": "published"
                    }
                }
            },
            "organization_id": 5155,
            "public_options": "10",
            "state": "published",
            "time_sec": 1535355433,
            "updated_at": "2018-08-27 15:37:13",
            "viewers": [],
            "visit": 0
        },
        "mode": {
            "alias": "Pk",
            "name": "Pk",
            "participator_number_limit": 2,
            "state": "opened"
        },
        "optional_limit": 1,
        "participators_count": 0,
        "state": "opened",
        "time_sec": 1535355433,
        "title": "xjy测试pk模式"
    }
}
2018-08-27 15:37:13,684 - INFO - ------------------------------------用例结束------------------------------------

2018-08-27 15:37:13,685 - INFO - ------------------------------------用例开始------------------------------------
2018-08-27 15:37:13,685 - INFO - 未执行测试用例编号 : 1_1_3 | 名称 : Document - 公司档-删除

2018-08-27 15:37:13,685 - INFO - ------------------------------------用例结束------------------------------------

2018-08-27 15:37:13,685 - INFO - ****************************************SpaceAPI_Private：结束****************************************

