2017-10-10 15:34:28,676 - INFO - 用例开始！
2017-10-10 15:34:28,677 - INFO - ------------START:test1_1登录.Login001_1.py------------
2017-10-10 15:34:30,678 - INFO - ------START:test1_1登录.LoginA.py------
2017-10-10 15:34:31,150 - INFO - 点击登录
2017-10-10 15:34:38,080 - INFO - 输入手机号：13027104206
2017-10-10 15:34:45,326 - INFO - 输入密码：12345678
2017-10-10 15:34:46,619 - INFO - 点击登录
2017-10-10 15:34:47,619 - INFO - ------END:test1_1登录.LoginA.py------
2017-10-10 15:34:49,487 - INFO - 检查是否登录成功
2017-10-10 15:34:50,489 - INFO - ------START:test2_1退出登录.LoginoutA.py------
2017-10-10 15:34:50,759 - INFO - 点击设置按钮
2017-10-10 15:34:52,620 - INFO - 点击系统设置
2017-10-10 15:34:53,820 - INFO - 点击退出
2017-10-10 15:34:54,888 - INFO - 点击确定
2017-10-10 15:34:54,889 - INFO - ------END:test2_1退出登录.LoginoutA.py------
2017-10-10 15:34:54,890 - INFO - 用例结束！
2017-10-10 15:34:58,413 - INFO - ------------END:test1_1登录.Login001_1.py------------
2017-10-10 15:35:18,389 - INFO - 用例开始！
2017-10-10 15:35:18,390 - INFO - ------------START:test1_1登录.Login001_1.py------------
2017-10-10 15:35:20,391 - INFO - ------START:test1_1登录.LoginA.py------
2017-10-10 15:35:20,848 - INFO - 点击登录
2017-10-10 15:35:28,172 - INFO - 输入手机号：17607136211
2017-10-10 15:35:34,687 - INFO - 输入密码：12345678
2017-10-10 15:35:35,556 - INFO - 点击登录
2017-10-10 15:35:36,557 - INFO - ------END:test1_1登录.LoginA.py------
2017-10-10 15:35:36,926 - INFO - 检查是否登录成功
2017-10-10 15:35:37,928 - INFO - ------START:test2_1退出登录.LoginoutA.py------
2017-10-10 15:35:38,369 - INFO - 点击设置按钮
2017-10-10 15:35:40,052 - INFO - 点击系统设置
2017-10-10 15:35:41,009 - INFO - 点击退出
2017-10-10 15:35:42,097 - INFO - 点击确定
2017-10-10 15:35:42,098 - INFO - ------END:test2_1退出登录.LoginoutA.py------
2017-10-10 15:35:42,099 - INFO - 用例结束！
2017-10-10 15:35:45,622 - INFO - ------------END:test1_1登录.Login001_1.py------------
2017-10-10 15:37:19,820 - INFO - ****************************************用例开始！****************************************
2017-10-10 15:37:19,820 - INFO - ------------START:test1_1登录.Login001_1.py------------
2017-10-10 15:37:21,822 - INFO - ------START:test1_1登录.LoginA.py------
2017-10-10 15:37:22,265 - INFO - 点击登录
2017-10-10 15:37:29,093 - INFO - 输入手机号：13027104206
2017-10-10 15:37:35,644 - INFO - 输入密码：12345678
2017-10-10 15:37:36,522 - INFO - 点击登录
2017-10-10 15:37:37,523 - INFO - ------END:test1_1登录.LoginA.py------
2017-10-10 15:37:39,954 - INFO - 检查是否登录成功
2017-10-10 15:37:40,955 - INFO - ------START:test2_1退出登录.LoginoutA.py------
2017-10-10 15:37:41,488 - INFO - 点击设置按钮
2017-10-10 15:37:43,028 - INFO - 点击系统设置
2017-10-10 15:37:44,246 - INFO - 点击退出
2017-10-10 15:37:45,590 - INFO - 点击确定
2017-10-10 15:37:45,591 - INFO - ------END:test2_1退出登录.LoginoutA.py------
2017-10-10 15:37:45,592 - INFO - ------------END:test1_1登录.Login001_1.py------------
2017-10-10 15:37:45,594 - INFO - ~~~~~~~~~~~~~~~~~~~~~~~~~~~~~~~~~~~~~~~~用例结束！~~~~~~~~~~~~~~~~~~~~~~~~~~~~~~~~~~~~~~~~
2017-10-10 15:38:09,667 - INFO - ****************************************用例开始！****************************************
2017-10-10 15:38:09,668 - INFO - ------------START:test1_1登录.Login001_1.py------------
2017-10-10 15:38:11,670 - INFO - ------START:test1_1登录.LoginA.py------
2017-10-10 15:38:12,140 - INFO - 点击登录
2017-10-10 15:38:18,945 - INFO - 输入手机号：17607136211
2017-10-10 15:38:25,474 - INFO - 输入密码：12345678
2017-10-10 15:38:26,588 - INFO - 点击登录
2017-10-10 15:38:27,589 - INFO - ------END:test1_1登录.LoginA.py------
2017-10-10 15:38:27,956 - INFO - 检查是否登录成功
2017-10-10 15:38:28,958 - INFO - ------START:test2_1退出登录.LoginoutA.py------
2017-10-10 15:38:29,417 - INFO - 点击设置按钮
2017-10-10 15:38:30,944 - INFO - 点击系统设置
2017-10-10 15:38:32,111 - INFO - 点击退出
2017-10-10 15:38:33,234 - INFO - 点击确定
2017-10-10 15:38:33,235 - INFO - ------END:test2_1退出登录.LoginoutA.py------
2017-10-10 15:38:33,236 - INFO - ------------END:test1_1登录.Login001_1.py------------
2017-10-10 15:38:33,238 - INFO - ~~~~~~~~~~~~~~~~~~~~~~~~~~~~~~~~~~~~~~~~用例结束！~~~~~~~~~~~~~~~~~~~~~~~~~~~~~~~~~~~~~~~~
2017-10-10 15:40:54,543 - INFO - ****************************************用例开始！****************************************
2017-10-10 15:40:54,544 - INFO - ------------START:test1_1登录.Login001_1.py------------
2017-10-10 15:40:56,547 - INFO - ------START:test1_1登录.LoginA.py------
2017-10-10 15:40:57,022 - INFO - 点击登录
2017-10-10 15:41:03,371 - INFO - 输入手机号：13027104206
2017-10-10 15:41:09,700 - INFO - 输入密码：12345678
2017-10-10 15:41:10,989 - INFO - 点击登录
2017-10-10 15:41:11,989 - INFO - ------END:test1_1登录.LoginA.py------
2017-10-10 15:41:18,061 - ERROR - Login Outside : Message: An element could not be located on the page using the given search parameters.

2017-10-10 15:41:18,062 - INFO - ------------END:test1_1登录.Login001_1.py------------
2017-10-10 15:41:18,064 - INFO - ~~~~~~~~~~~~~~~~~~~~~~~~~~~~~~~~~~~~~~~~用例结束！~~~~~~~~~~~~~~~~~~~~~~~~~~~~~~~~~~~~~~~~
2017-10-10 15:41:41,363 - INFO - ****************************************用例开始！****************************************
2017-10-10 15:41:41,364 - INFO - ------------START:test1_1登录.Login001_1.py------------
2017-10-10 15:41:43,364 - INFO - ------START:test1_1登录.LoginA.py------
2017-10-10 15:41:49,362 - ERROR - 元素: com.yunlu6.stone:id/login_et_photo 在5秒内未定位到
2017-10-10 15:41:49,637 - ERROR - 元素：com.yunlu6.stone:id/login_et_photo 请求超时,定位失败
2017-10-10 15:41:49,638 - ERROR - 元素：com.yunlu6.stone:id/login_et_photo 无法聚焦,发送文本失败
2017-10-10 15:41:49,639 - ERROR - LoginA Inside : Tue Oct 10 15:41:49 2017 元素：登录-手机号-发送文本失败
2017-10-10 15:41:53,913 - ERROR - Login Outside : Tue Oct 10 15:41:49 2017 元素：登录-手机号-发送文本失败
2017-10-10 15:41:53,915 - INFO - ------------END:test1_1登录.Login001_1.py------------
2017-10-10 15:41:53,916 - INFO - ~~~~~~~~~~~~~~~~~~~~~~~~~~~~~~~~~~~~~~~~用例结束！~~~~~~~~~~~~~~~~~~~~~~~~~~~~~~~~~~~~~~~~
2017-10-10 15:57:10,817 - INFO - ****************************************用例开始！****************************************
2017-10-10 15:57:10,818 - INFO - ------------START:test1_1创建机构空间.CreateOrgSpace001_1.py------------
2017-10-10 15:57:12,922 - INFO - 进入空间列表
2017-10-10 15:57:18,896 - ERROR - CreateOrgSpace Outside : 'space_CreateO' object has no attribute 'easyname'
2017-10-10 15:57:18,897 - INFO - ------------END:test1_1登录.Login001_1.py------------
2017-10-10 15:57:18,898 - INFO - ------------END:test1_1创建机构空间.CreateOrgSpace001_1.py------------
2017-10-10 15:58:20,213 - INFO - ****************************************用例开始！****************************************
2017-10-10 15:58:20,214 - INFO - ------------START:test1_1创建机构空间.CreateOrgSpace001_1.py------------
2017-10-10 15:58:22,391 - INFO - 进入空间列表
2017-10-10 15:58:25,988 - INFO - ------START:test1_1创建机构空间.CreateSpace.py------
2017-10-10 15:58:29,420 - INFO - 点击进入空间首页
2017-10-10 15:58:30,675 - INFO - 点击+按钮
2017-10-10 15:58:31,909 - INFO - 选择+机构空间
2017-10-10 15:58:38,823 - INFO - 输入企业全称：appium测试空间
2017-10-10 15:58:52,198 - INFO - 输入企业简称：appium测试空间
2017-10-10 15:58:56,649 - INFO - 点击标题
2017-10-10 15:58:57,652 - INFO - 点击机构类型
2017-10-10 15:59:01,409 - INFO - 选择机构类型：企业
2017-10-10 15:59:03,751 - INFO - 点击产业角色
2017-10-10 15:59:04,826 - INFO - 产业角色选择：1
2017-10-10 15:59:05,994 - INFO - 点击客户类型
2017-10-10 15:59:07,206 - INFO - 点击客户类型标签
2017-10-10 15:59:08,250 - INFO - 点击确定按钮
2017-10-10 15:59:09,820 - INFO - 点击所在地区
2017-10-10 15:59:10,852 - INFO - 选择北京省
2017-10-10 15:59:12,251 - INFO - 选择东城市
2017-10-10 15:59:14,058 - INFO - 确定提交
2017-10-10 15:59:15,312 - INFO - 点击去验证对公账号
2017-10-10 15:59:20,960 - INFO - 填写开户银行：AAA
2017-10-10 15:59:21,838 - INFO - 点击所在地区
2017-10-10 15:59:22,720 - INFO - 选择北京省
2017-10-10 15:59:23,794 - INFO - 选择东城市
2017-10-10 15:59:29,757 - INFO - 填写支行：BBB
2017-10-10 15:59:35,519 - INFO - 填写银行账户：123456
2017-10-10 15:59:39,280 - INFO - 确定提交
2017-10-10 15:59:40,874 - INFO - 点击返回
2017-10-10 15:59:41,875 - INFO - ------END:test1_1创建机构空间.CreateSpace.py------
2017-10-10 15:59:42,891 - INFO - ------START:test1_1创建机构空间.CloseSpace.py-----
2017-10-10 15:59:44,133 - INFO - 点击进入该空间
2017-10-10 15:59:45,519 - INFO - 点击空间菜单栏
2017-10-10 15:59:46,880 - INFO - 点击企业名片
2017-10-10 15:59:47,772 - INFO - 点击菜单栏
2017-10-10 15:59:48,926 - INFO - 点击关闭按钮
2017-10-10 15:59:50,913 - INFO - 点击确认关闭
2017-10-10 15:59:50,914 - INFO - ------END:test1_1创建机构空间.CloseSpace.pyy-----
2017-10-10 15:59:50,915 - INFO - ------------END:test1_1登录.Login001_1.py------------
2017-10-10 15:59:50,916 - INFO - ------------END:test1_1创建机构空间.CreateOrgSpace001_1.py------------
2017-10-10 16:01:45,290 - INFO - ****************************************用例开始！****************************************
2017-10-10 16:01:45,291 - INFO - ------------START:test1_1创建机构空间.CreateOrgSpace001_1.py------------
2017-10-10 16:01:48,121 - INFO - 进入空间列表
2017-10-10 16:01:51,610 - INFO - ------START:test1_1创建机构空间.CreateSpace.py------
2017-10-10 16:01:54,924 - INFO - 点击进入空间首页
2017-10-10 16:01:55,514 - INFO - 点击+按钮
2017-10-10 16:01:56,627 - INFO - 选择+机构空间
2017-10-10 16:02:03,698 - INFO - 输入企业全称：appium测试空间
2017-10-10 16:02:16,240 - INFO - 输入企业简称：appium测试空间
2017-10-10 16:02:20,877 - INFO - 点击标题
2017-10-10 16:02:21,480 - INFO - 点击机构类型
2017-10-10 16:02:25,155 - INFO - 选择机构类型：企业
2017-10-10 16:02:27,532 - INFO - 点击产业角色
2017-10-10 16:02:29,031 - INFO - 产业角色选择：1
2017-10-10 16:02:30,517 - INFO - 点击客户类型
2017-10-10 16:02:31,710 - INFO - 点击客户类型标签
2017-10-10 16:02:33,287 - INFO - 点击确定按钮
2017-10-10 16:02:34,424 - INFO - 点击所在地区
2017-10-10 16:02:35,969 - INFO - 选择北京省
2017-10-10 16:02:36,989 - INFO - 选择东城市
2017-10-10 16:02:39,111 - INFO - 确定提交
2017-10-10 16:02:40,266 - INFO - 点击去验证对公账号
2017-10-10 16:02:46,848 - INFO - 填写开户银行：AAA
2017-10-10 16:02:47,970 - INFO - 点击所在地区
2017-10-10 16:02:48,887 - INFO - 选择北京省
2017-10-10 16:02:50,163 - INFO - 选择东城市
2017-10-10 16:02:56,258 - INFO - 填写支行：BBB
2017-10-10 16:03:02,409 - INFO - 填写银行账户：123456
2017-10-10 16:03:06,301 - INFO - 确定提交
2017-10-10 16:03:07,825 - INFO - 点击返回
2017-10-10 16:03:08,827 - INFO - ------END:test1_1创建机构空间.CreateSpace.py------
2017-10-10 16:03:09,838 - INFO - ------START:test1_1创建机构空间.CloseSpace.py-----
2017-10-10 16:03:10,461 - INFO - 点击进入该空间
2017-10-10 16:03:11,893 - INFO - 点击空间菜单栏
2017-10-10 16:03:13,153 - INFO - 点击企业名片
2017-10-10 16:03:14,812 - INFO - 点击菜单栏
2017-10-10 16:03:15,906 - INFO - 点击关闭按钮
2017-10-10 16:03:17,621 - INFO - 点击确认关闭
2017-10-10 16:03:17,622 - INFO - ------END:test1_1创建机构空间.CloseSpace.pyy-----
2017-10-10 16:03:17,623 - INFO - ------------END:test1_1创建机构空间.CreateOrgSpace001_1.py------------
2017-10-10 16:03:17,625 - INFO - ~~~~~~~~~~~~~~~~~~~~~~~~~~~~~~~~~~~~~~~~用例结束！~~~~~~~~~~~~~~~~~~~~~~~~~~~~~~~~~~~~~~~~
2017-10-10 16:15:59,837 - INFO - ****************************************用例开始！****************************************
2017-10-10 16:15:59,838 - INFO - ------------START:test1_1创建机构空间.CreateOrgSpace001_1.py------------
2017-10-10 16:16:01,838 - INFO - 进入空间列表
2017-10-10 16:16:06,106 - INFO - ------START:test1_1创建机构空间.CreateSpace.py------
2017-10-10 16:16:09,974 - INFO - 点击进入空间首页
2017-10-10 16:16:10,558 - INFO - 点击+按钮
2017-10-10 16:16:11,627 - INFO - 选择+机构空间
2017-10-10 16:16:18,467 - INFO - 输入企业全称：appium测试空间
2017-10-10 16:16:31,308 - INFO - 输入企业简称：appium测试空间
2017-10-10 16:16:35,776 - INFO - 点击标题
2017-10-10 16:16:36,340 - INFO - 点击机构类型
2017-10-10 16:16:40,044 - INFO - 选择机构类型：企业
2017-10-10 16:16:41,877 - INFO - 点击产业角色
2017-10-10 16:16:42,879 - INFO - 产业角色选择：1
2017-10-10 16:16:44,235 - INFO - 点击客户类型
2017-10-10 16:16:45,635 - INFO - 点击客户类型标签
2017-10-10 16:16:46,565 - INFO - 点击确定按钮
2017-10-10 16:16:47,655 - INFO - 点击所在地区
2017-10-10 16:16:49,005 - INFO - 选择北京省
2017-10-10 16:16:50,073 - INFO - 选择东城市
2017-10-10 16:16:52,321 - INFO - 确定提交
2017-10-10 16:16:53,822 - INFO - 点击去验证对公账号
2017-10-10 16:16:53,823 - ERROR - CreateSpace Inside : 'CreateSpace' object has no attribute 'soverbank'
2017-10-10 16:16:57,665 - ERROR - CreateOrgSpace Outside : 'CreateSpace' object has no attribute 'soverbank'
2017-10-10 16:16:57,666 - INFO - ------------END:test1_1创建机构空间.CreateOrgSpace001_1.py------------
2017-10-10 16:16:57,667 - INFO - ~~~~~~~~~~~~~~~~~~~~~~~~~~~~~~~~~~~~~~~~用例结束！~~~~~~~~~~~~~~~~~~~~~~~~~~~~~~~~~~~~~~~~
2017-10-10 16:18:54,616 - INFO - ****************************************用例开始！****************************************
2017-10-10 16:18:54,618 - INFO - ------------START:test1_1创建机构空间.CreateOrgSpace001_1.py------------
2017-10-10 16:18:56,556 - INFO - 进入空间列表
2017-10-10 16:18:59,336 - INFO - 已存在该空间
2017-10-10 16:19:00,352 - INFO - ------START:test1_1创建机构空间.CloseSpace.py-----
2017-10-10 16:19:02,147 - INFO - 点击进入该空间
2017-10-10 16:19:03,532 - INFO - 点击空间菜单栏
2017-10-10 16:19:05,010 - INFO - 点击企业名片
2017-10-10 16:19:05,941 - INFO - 点击菜单栏
2017-10-10 16:19:07,151 - INFO - 点击关闭按钮
2017-10-10 16:19:09,234 - INFO - 点击确认关闭
2017-10-10 16:19:09,236 - INFO - ------END:test1_1创建机构空间.CloseSpace.pyy-----
2017-10-10 16:19:10,238 - INFO - ------START:test1_1创建机构空间.CreateSpace.py------
2017-10-10 16:19:13,819 - INFO - 点击进入空间首页
2017-10-10 16:19:14,722 - INFO - 点击+按钮
2017-10-10 16:19:15,681 - INFO - 选择+机构空间
2017-10-10 16:19:22,768 - INFO - 输入企业全称：appium测试空间
2017-10-10 16:19:35,877 - INFO - 输入企业简称：appium测试空间
2017-10-10 16:19:40,026 - INFO - 点击标题
2017-10-10 16:19:40,692 - INFO - 点击机构类型
2017-10-10 16:19:44,455 - INFO - 选择机构类型：企业
2017-10-10 16:19:45,998 - INFO - 点击产业角色
2017-10-10 16:19:47,269 - INFO - 产业角色选择：1
2017-10-10 16:19:48,364 - INFO - 点击客户类型
2017-10-10 16:19:49,468 - INFO - 点击客户类型标签
2017-10-10 16:19:50,600 - INFO - 点击确定按钮
2017-10-10 16:19:51,611 - INFO - 点击所在地区
2017-10-10 16:19:52,829 - INFO - 选择北京省
2017-10-10 16:19:53,914 - INFO - 选择东城市
2017-10-10 16:19:55,397 - INFO - 确定提交
2017-10-10 16:19:56,889 - INFO - 点击去验证对公账号
2017-10-10 16:20:03,053 - INFO - 填写开户银行：AAA
2017-10-10 16:20:03,913 - INFO - 点击所在地区
2017-10-10 16:20:05,037 - INFO - 选择北京省
2017-10-10 16:20:05,966 - INFO - 选择东城市
2017-10-10 16:20:12,055 - INFO - 填写支行：BBB
2017-10-10 16:20:18,102 - INFO - 填写银行账户：123456
2017-10-10 16:20:21,918 - INFO - 确定提交
2017-10-10 16:20:23,445 - INFO - 点击返回
2017-10-10 16:20:24,447 - INFO - ------END:test1_1创建机构空间.CreateSpace.py------
2017-10-10 16:20:25,458 - INFO - ------START:test1_1创建机构空间.CloseSpace.py-----
2017-10-10 16:20:26,681 - INFO - 点击进入该空间
2017-10-10 16:20:28,160 - INFO - 点击空间菜单栏
2017-10-10 16:20:29,244 - INFO - 点击企业名片
2017-10-10 16:20:30,454 - INFO - 点击菜单栏
2017-10-10 16:20:31,609 - INFO - 点击关闭按钮
2017-10-10 16:20:33,294 - INFO - 点击确认关闭
2017-10-10 16:20:33,296 - INFO - ------END:test1_1创建机构空间.CloseSpace.pyy-----
2017-10-10 16:20:33,297 - INFO - ------------END:test1_1创建机构空间.CreateOrgSpace001_1.py------------
2017-10-10 16:20:33,298 - INFO - ~~~~~~~~~~~~~~~~~~~~~~~~~~~~~~~~~~~~~~~~用例结束！~~~~~~~~~~~~~~~~~~~~~~~~~~~~~~~~~~~~~~~~
2017-10-10 17:03:46,694 - INFO - ****************************************用例开始！****************************************
2017-10-10 17:03:46,695 - INFO - ------------START:test1_1创建机构空间.CreateOrgSpace001_1.py------------
2017-10-10 17:03:48,274 - INFO - 进入空间列表
2017-10-10 17:03:51,297 - INFO - ------START:test1_1创建机构空间.CreateSpace.py------
2017-10-10 17:03:54,678 - INFO - 点击进入空间首页
2017-10-10 17:03:55,371 - INFO - 点击+按钮
2017-10-10 17:03:56,455 - INFO - 选择+机构空间
2017-10-10 17:04:02,939 - INFO - 输入企业全称：appium测试空间
2017-10-10 17:04:15,590 - INFO - 输入企业简称：appium测试空间
2017-10-10 17:04:19,792 - INFO - 点击标题
2017-10-10 17:04:20,417 - INFO - 点击机构类型
2017-10-10 17:04:24,172 - INFO - 选择机构类型：企业
2017-10-10 17:04:25,717 - INFO - 点击产业角色
2017-10-10 17:04:27,564 - INFO - 产业角色选择：1
2017-10-10 17:04:28,976 - INFO - 点击客户类型
2017-10-10 17:04:30,202 - INFO - 点击客户类型标签
2017-10-10 17:04:31,489 - INFO - 点击确定按钮
2017-10-10 17:04:32,629 - INFO - 点击所在地区
2017-10-10 17:04:34,127 - INFO - 选择北京省
2017-10-10 17:04:35,227 - INFO - 选择东城市
2017-10-10 17:04:37,055 - INFO - 确定提交
2017-10-10 17:04:38,267 - INFO - 点击去验证对公账号
2017-10-10 17:04:44,645 - INFO - 填写开户银行：AAA
2017-10-10 17:04:45,603 - INFO - 点击所在地区
2017-10-10 17:04:47,296 - INFO - 选择北京省
2017-10-10 17:04:48,320 - INFO - 选择东城市
2017-10-10 17:04:54,832 - INFO - 填写支行：BBB
2017-10-10 17:05:00,716 - INFO - 填写银行账户：123456
2017-10-10 17:05:04,452 - INFO - 确定提交
2017-10-10 17:05:06,280 - INFO - 点击返回
2017-10-10 17:05:07,282 - INFO - ------END:test1_1创建机构空间.CreateSpace.py------
2017-10-10 17:05:07,283 - INFO - ------START:test1_1创建机构空间.CloseSpace.py-----
2017-10-10 17:05:08,471 - INFO - 点击进入该空间
2017-10-10 17:05:09,940 - INFO - 点击空间菜单栏
2017-10-10 17:05:11,335 - INFO - 点击企业名片
2017-10-10 17:05:12,586 - INFO - 点击菜单栏
2017-10-10 17:05:13,621 - INFO - 点击关闭按钮
2017-10-10 17:05:16,071 - INFO - 点击确认关闭
2017-10-10 17:05:16,072 - INFO - ------END:test1_1创建机构空间.CloseSpace.pyy-----
2017-10-10 17:05:16,074 - INFO - ------------END:test1_1创建机构空间.CreateOrgSpace001_1.py------------
2017-10-10 17:05:16,075 - INFO - ~~~~~~~~~~~~~~~~~~~~~~~~~~~~~~~~~~~~~~~~用例结束！~~~~~~~~~~~~~~~~~~~~~~~~~~~~~~~~~~~~~~~~
